{
  "fio version" : "fio-2.14",
  "timestamp" : 1608563259,
  "timestamp_ms" : 1608563259843,
  "time" : "Mon Dec 21 15:07:39 2020",
  "jobs" : [
    {
      "jobname" : "256kb_16threads",
      "groupid" : 0,
      "error" : 0,
      "eta" : 0,
      "elapsed" : 11,
      "job options" : {
        "direct" : "1",
        "ioengine" : "libaio",
        "iodepth" : "16",
        "rw" : "randwrite",
        "bs" : "256k",
        "size" : "1G",
        "numjobs" : "16",
        "time_based" : "1",
        "runtime" : "10",
        "norandommap" : "1",
        "group_reporting" : "1",
        "filename" : "/dev/nvme5n1"
      },
      "read" : {
        "io_bytes" : 0,
        "bw" : 0,
        "iops" : 0.000000,
        "runtime" : 0,
        "total_ios" : 0,
        "short_ios" : 0,
        "drop_ios" : 0,
        "slat" : {
          "min" : 0,
          "max" : 0,
          "mean" : 0.000000,
          "stddev" : 0.000000
        },
        "clat" : {
          "min" : 0,
          "max" : 0,
          "mean" : 0.000000,
          "stddev" : 0.000000,
          "percentile" : {
            "1.000000" : 0,
            "5.000000" : 0,
            "10.000000" : 0,
            "20.000000" : 0,
            "30.000000" : 0,
            "40.000000" : 0,
            "50.000000" : 0,
            "60.000000" : 0,
            "70.000000" : 0,
            "80.000000" : 0,
            "90.000000" : 0,
            "95.000000" : 0,
            "99.000000" : 0,
            "99.500000" : 0,
            "99.900000" : 0,
            "99.950000" : 0,
            "99.990000" : 0,
            "0.00" : 0,
            "0.00" : 0,
            "0.00" : 0
          }
        },
        "lat" : {
          "min" : 0,
          "max" : 0,
          "mean" : 0.000000,
          "stddev" : 0.000000
        },
        "bw_min" : 0,
        "bw_max" : 0,
        "bw_agg" : 0.000000,
        "bw_mean" : 0.000000,
        "bw_dev" : 0.000000
      },
      "write" : {
        "io_bytes" : 10726144,
        "bw" : 1068873,
        "iops" : 4175.286621,
        "runtime" : 10035,
        "total_ios" : 41899,
        "short_ios" : 0,
        "drop_ios" : 0,
        "slat" : {
          "min" : 8,
          "max" : 188405,
          "mean" : 3221.592529,
          "stddev" : 9995.885742
        },
        "clat" : {
          "min" : 1268,
          "max" : 323911,
          "mean" : 57937.039062,
          "stddev" : 36268.519531,
          "percentile" : {
            "1.000000" : 5728,
            "5.000000" : 19584,
            "10.000000" : 23936,
            "20.000000" : 26496,
            "30.000000" : 34048,
            "40.000000" : 40192,
            "50.000000" : 48384,
            "60.000000" : 58624,
            "70.000000" : 70144,
            "80.000000" : 84480,
            "90.000000" : 108032,
            "95.000000" : 128512,
            "99.000000" : 175104,
            "99.500000" : 193536,
            "99.900000" : 244736,
            "99.950000" : 254976,
            "99.990000" : 280576,
            "0.00" : 0,
            "0.00" : 0,
            "0.00" : 0
          }
        },
        "lat" : {
          "min" : 1358,
          "max" : 323929,
          "mean" : 61158.785156,
          "stddev" : 37948.414062
        },
        "bw_min" : 0,
        "bw_max" : 0,
        "bw_agg" : 0.000000,
        "bw_mean" : 0.000000,
        "bw_dev" : 0.000000
      },
      "trim" : {
        "io_bytes" : 0,
        "bw" : 0,
        "iops" : 0.000000,
        "runtime" : 0,
        "total_ios" : 0,
        "short_ios" : 0,
        "drop_ios" : 0,
        "slat" : {
          "min" : 0,
          "max" : 0,
          "mean" : 0.000000,
          "stddev" : 0.000000
        },
        "clat" : {
          "min" : 0,
          "max" : 0,
          "mean" : 0.000000,
          "stddev" : 0.000000,
          "percentile" : {
            "1.000000" : 0,
            "5.000000" : 0,
            "10.000000" : 0,
            "20.000000" : 0,
            "30.000000" : 0,
            "40.000000" : 0,
            "50.000000" : 0,
            "60.000000" : 0,
            "70.000000" : 0,
            "80.000000" : 0,
            "90.000000" : 0,
            "95.000000" : 0,
            "99.000000" : 0,
            "99.500000" : 0,
            "99.900000" : 0,
            "99.950000" : 0,
            "99.990000" : 0,
            "0.00" : 0,
            "0.00" : 0,
            "0.00" : 0
          }
        },
        "lat" : {
          "min" : 0,
          "max" : 0,
          "mean" : 0.000000,
          "stddev" : 0.000000
        },
        "bw_min" : 0,
        "bw_max" : 0,
        "bw_agg" : 0.000000,
        "bw_mean" : 0.000000,
        "bw_dev" : 0.000000
      },
      "usr_cpu" : 0.366689,
      "sys_cpu" : 0.278758,
      "ctx" : 21354,
      "majf" : 0,
      "minf" : 162,
      "iodepth_level" : {
        "1" : 0.100000,
        "2" : 0.100000,
        "4" : 0.152748,
        "8" : 0.305497,
        "16" : 99.427193,
        "32" : 0.000000,
        ">=64" : 0.000000
      },
      "latency_us" : {
        "2" : 0.000000,
        "4" : 0.000000,
        "10" : 0.000000,
        "20" : 0.000000,
        "50" : 0.000000,
        "100" : 0.000000,
        "250" : 0.000000,
        "500" : 0.000000,
        "750" : 0.000000,
        "1000" : 0.000000
      },
      "latency_ms" : {
        "2" : 0.028640,
        "4" : 0.224349,
        "10" : 2.317478,
        "20" : 2.797203,
        "50" : 46.275566,
        "100" : 35.745483,
        "250" : 12.539679,
        "500" : 0.071601,
        "750" : 0.000000,
        "1000" : 0.000000,
        "2000" : 0.000000,
        ">=2000" : 0.000000
      },
      "latency_depth" : 16,
      "latency_target" : 0,
      "latency_percentile" : 100.000000,
      "latency_window" : 0
    }
  ],
  "disk_util" : [
    {
      "name" : "nvme5n1",
      "read_ios" : 84,
      "write_ios" : 41328,
      "read_merges" : 0,
      "write_merges" : 0,
      "read_ticks" : 672,
      "write_ticks" : 1201808,
      "in_queue" : 1195556,
      "util" : 98.829651
    }
  ]
}
