{
  "fio version" : "fio-2.14",
  "timestamp" : 1608563072,
  "timestamp_ms" : 1608563072070,
  "time" : "Mon Dec 21 15:04:32 2020",
  "jobs" : [
    {
      "jobname" : "16kb_16threads",
      "groupid" : 0,
      "error" : 0,
      "eta" : 0,
      "elapsed" : 11,
      "job options" : {
        "direct" : "1",
        "ioengine" : "libaio",
        "iodepth" : "16",
        "rw" : "randwrite",
        "bs" : "16k",
        "size" : "1G",
        "numjobs" : "16",
        "time_based" : "1",
        "runtime" : "10",
        "norandommap" : "1",
        "group_reporting" : "1",
        "filename" : "/dev/md0"
      },
      "read" : {
        "io_bytes" : 0,
        "bw" : 0,
        "iops" : 0.000000,
        "runtime" : 0,
        "total_ios" : 0,
        "short_ios" : 0,
        "drop_ios" : 0,
        "slat" : {
          "min" : 0,
          "max" : 0,
          "mean" : 0.000000,
          "stddev" : 0.000000
        },
        "clat" : {
          "min" : 0,
          "max" : 0,
          "mean" : 0.000000,
          "stddev" : 0.000000,
          "percentile" : {
            "1.000000" : 0,
            "5.000000" : 0,
            "10.000000" : 0,
            "20.000000" : 0,
            "30.000000" : 0,
            "40.000000" : 0,
            "50.000000" : 0,
            "60.000000" : 0,
            "70.000000" : 0,
            "80.000000" : 0,
            "90.000000" : 0,
            "95.000000" : 0,
            "99.000000" : 0,
            "99.500000" : 0,
            "99.900000" : 0,
            "99.950000" : 0,
            "99.990000" : 0,
            "0.00" : 0,
            "0.00" : 0,
            "0.00" : 0
          }
        },
        "lat" : {
          "min" : 0,
          "max" : 0,
          "mean" : 0.000000,
          "stddev" : 0.000000
        },
        "bw_min" : 0,
        "bw_max" : 0,
        "bw_agg" : 0.000000,
        "bw_mean" : 0.000000,
        "bw_dev" : 0.000000
      },
      "write" : {
        "io_bytes" : 1340304,
        "bw" : 133576,
        "iops" : 8348.514648,
        "runtime" : 10034,
        "total_ios" : 83769,
        "short_ios" : 0,
        "drop_ios" : 0,
        "slat" : {
          "min" : 2,
          "max" : 131311,
          "mean" : 1298.059082,
          "stddev" : 6057.203613
        },
        "clat" : {
          "min" : 514,
          "max" : 239525,
          "mean" : 29338.785156,
          "stddev" : 23730.583984,
          "percentile" : {
            "1.000000" : 668,
            "5.000000" : 1160,
            "10.000000" : 1976,
            "20.000000" : 5664,
            "30.000000" : 15552,
            "40.000000" : 22144,
            "50.000000" : 25984,
            "60.000000" : 30848,
            "70.000000" : 37632,
            "80.000000" : 44288,
            "90.000000" : 59136,
            "95.000000" : 74240,
            "99.000000" : 107008,
            "99.500000" : 122368,
            "99.900000" : 152576,
            "99.950000" : 162816,
            "99.990000" : 179200,
            "0.00" : 0,
            "0.00" : 0,
            "0.00" : 0
          }
        },
        "lat" : {
          "min" : 519,
          "max" : 239534,
          "mean" : 30636.966797,
          "stddev" : 25281.937500
        },
        "bw_min" : 0,
        "bw_max" : 0,
        "bw_agg" : 0.000000,
        "bw_mean" : 0.000000,
        "bw_dev" : 0.000000
      },
      "trim" : {
        "io_bytes" : 0,
        "bw" : 0,
        "iops" : 0.000000,
        "runtime" : 0,
        "total_ios" : 0,
        "short_ios" : 0,
        "drop_ios" : 0,
        "slat" : {
          "min" : 0,
          "max" : 0,
          "mean" : 0.000000,
          "stddev" : 0.000000
        },
        "clat" : {
          "min" : 0,
          "max" : 0,
          "mean" : 0.000000,
          "stddev" : 0.000000,
          "percentile" : {
            "1.000000" : 0,
            "5.000000" : 0,
            "10.000000" : 0,
            "20.000000" : 0,
            "30.000000" : 0,
            "40.000000" : 0,
            "50.000000" : 0,
            "60.000000" : 0,
            "70.000000" : 0,
            "80.000000" : 0,
            "90.000000" : 0,
            "95.000000" : 0,
            "99.000000" : 0,
            "99.500000" : 0,
            "99.900000" : 0,
            "99.950000" : 0,
            "99.990000" : 0,
            "0.00" : 0,
            "0.00" : 0,
            "0.00" : 0
          }
        },
        "lat" : {
          "min" : 0,
          "max" : 0,
          "mean" : 0.000000,
          "stddev" : 0.000000
        },
        "bw_min" : 0,
        "bw_max" : 0,
        "bw_agg" : 0.000000,
        "bw_mean" : 0.000000,
        "bw_dev" : 0.000000
      },
      "usr_cpu" : 0.166408,
      "sys_cpu" : 0.300407,
      "ctx" : 49549,
      "majf" : 0,
      "minf" : 162,
      "iodepth_level" : {
        "1" : 0.100000,
        "2" : 0.100000,
        "4" : 0.100000,
        "8" : 0.152801,
        "16" : 99.713501,
        "32" : 0.000000,
        ">=64" : 0.000000
      },
      "latency_us" : {
        "2" : 0.000000,
        "4" : 0.000000,
        "10" : 0.000000,
        "20" : 0.000000,
        "50" : 0.000000,
        "100" : 0.000000,
        "250" : 0.000000,
        "500" : 0.000000,
        "750" : 1.687975,
        "1000" : 2.021034
      },
      "latency_ms" : {
        "2" : 6.431973,
        "4" : 6.865308,
        "10" : 7.446669,
        "20" : 11.634376,
        "50" : 48.146690,
        "100" : 14.298845,
        "250" : 1.467130,
        "500" : 0.000000,
        "750" : 0.000000,
        "1000" : 0.000000,
        "2000" : 0.000000,
        ">=2000" : 0.000000
      },
      "latency_depth" : 16,
      "latency_target" : 0,
      "latency_percentile" : 100.000000,
      "latency_window" : 0
    }
  ],
  "disk_util" : [
    {
      "name" : "md0",
      "read_ios" : 74,
      "write_ios" : 82928,
      "read_merges" : 0,
      "write_merges" : 0,
      "read_ticks" : 0,
      "write_ticks" : 0,
      "in_queue" : 0,
      "util" : 0.000000,
      "aggr_read_ios" : 52,
      "aggr_write_ios" : 41884,
      "aggr_read_merges" : 0,
      "aggr_write_merge" : 0,
      "aggr_read_ticks" : 102,
      "aggr_write_ticks" : 785558,
      "aggr_in_queue" : 778264,
      "aggr_util" : 98.517136
    },
    {
      "name" : "nvme3n1",
      "read_ios" : 59,
      "write_ios" : 41847,
      "read_merges" : 0,
      "write_merges" : 0,
      "read_ticks" : 92,
      "write_ticks" : 406972,
      "in_queue" : 400208,
      "util" : 97.770798
    },
    {
      "name" : "nvme2n1",
      "read_ios" : 46,
      "write_ios" : 41922,
      "read_merges" : 0,
      "write_merges" : 0,
      "read_ticks" : 112,
      "write_ticks" : 1164144,
      "in_queue" : 1156320,
      "util" : 98.517136
    }
  ]
}
