{
  "fio version" : "fio-2.14",
  "timestamp" : 1608563030,
  "timestamp_ms" : 1608563030210,
  "time" : "Mon Dec 21 15:03:50 2020",
  "jobs" : [
    {
      "jobname" : "128kb_16threads",
      "groupid" : 0,
      "error" : 0,
      "eta" : 0,
      "elapsed" : 11,
      "job options" : {
        "direct" : "1",
        "ioengine" : "libaio",
        "iodepth" : "16",
        "rw" : "randwrite",
        "bs" : "128k",
        "size" : "1G",
        "numjobs" : "16",
        "time_based" : "1",
        "runtime" : "10",
        "norandommap" : "1",
        "group_reporting" : "1",
        "filename" : "/dev/nvme1n1"
      },
      "read" : {
        "io_bytes" : 0,
        "bw" : 0,
        "iops" : 0.000000,
        "runtime" : 0,
        "total_ios" : 0,
        "short_ios" : 0,
        "drop_ios" : 0,
        "slat" : {
          "min" : 0,
          "max" : 0,
          "mean" : 0.000000,
          "stddev" : 0.000000
        },
        "clat" : {
          "min" : 0,
          "max" : 0,
          "mean" : 0.000000,
          "stddev" : 0.000000,
          "percentile" : {
            "1.000000" : 0,
            "5.000000" : 0,
            "10.000000" : 0,
            "20.000000" : 0,
            "30.000000" : 0,
            "40.000000" : 0,
            "50.000000" : 0,
            "60.000000" : 0,
            "70.000000" : 0,
            "80.000000" : 0,
            "90.000000" : 0,
            "95.000000" : 0,
            "99.000000" : 0,
            "99.500000" : 0,
            "99.900000" : 0,
            "99.950000" : 0,
            "99.990000" : 0,
            "0.00" : 0,
            "0.00" : 0,
            "0.00" : 0
          }
        },
        "lat" : {
          "min" : 0,
          "max" : 0,
          "mean" : 0.000000,
          "stddev" : 0.000000
        },
        "bw_min" : 0,
        "bw_max" : 0,
        "bw_agg" : 0.000000,
        "bw_mean" : 0.000000,
        "bw_dev" : 0.000000
      },
      "write" : {
        "io_bytes" : 5346944,
        "bw" : 532458,
        "iops" : 4159.828613,
        "runtime" : 10042,
        "total_ios" : 41773,
        "short_ios" : 0,
        "drop_ios" : 0,
        "slat" : {
          "min" : 5,
          "max" : 129311,
          "mean" : 3263.243652,
          "stddev" : 9782.334961
        },
        "clat" : {
          "min" : 946,
          "max" : 317414,
          "mean" : 58142.812500,
          "stddev" : 34913.062500,
          "percentile" : {
            "1.000000" : 4320,
            "5.000000" : 20864,
            "10.000000" : 24960,
            "20.000000" : 27264,
            "30.000000" : 35072,
            "40.000000" : 40704,
            "50.000000" : 49920,
            "60.000000" : 60160,
            "70.000000" : 71168,
            "80.000000" : 85504,
            "90.000000" : 105984,
            "95.000000" : 125440,
            "99.000000" : 164864,
            "99.500000" : 181248,
            "99.900000" : 211968,
            "99.950000" : 226304,
            "99.990000" : 288768,
            "0.00" : 0,
            "0.00" : 0,
            "0.00" : 0
          }
        },
        "lat" : {
          "min" : 956,
          "max" : 317460,
          "mean" : 61406.207031,
          "stddev" : 36761.691406
        },
        "bw_min" : 0,
        "bw_max" : 0,
        "bw_agg" : 0.000000,
        "bw_mean" : 0.000000,
        "bw_dev" : 0.000000
      },
      "trim" : {
        "io_bytes" : 0,
        "bw" : 0,
        "iops" : 0.000000,
        "runtime" : 0,
        "total_ios" : 0,
        "short_ios" : 0,
        "drop_ios" : 0,
        "slat" : {
          "min" : 0,
          "max" : 0,
          "mean" : 0.000000,
          "stddev" : 0.000000
        },
        "clat" : {
          "min" : 0,
          "max" : 0,
          "mean" : 0.000000,
          "stddev" : 0.000000,
          "percentile" : {
            "1.000000" : 0,
            "5.000000" : 0,
            "10.000000" : 0,
            "20.000000" : 0,
            "30.000000" : 0,
            "40.000000" : 0,
            "50.000000" : 0,
            "60.000000" : 0,
            "70.000000" : 0,
            "80.000000" : 0,
            "90.000000" : 0,
            "95.000000" : 0,
            "99.000000" : 0,
            "99.500000" : 0,
            "99.900000" : 0,
            "99.950000" : 0,
            "99.990000" : 0,
            "0.00" : 0,
            "0.00" : 0,
            "0.00" : 0
          }
        },
        "lat" : {
          "min" : 0,
          "max" : 0,
          "mean" : 0.000000,
          "stddev" : 0.000000
        },
        "bw_min" : 0,
        "bw_max" : 0,
        "bw_agg" : 0.000000,
        "bw_mean" : 0.000000,
        "bw_dev" : 0.000000
      },
      "usr_cpu" : 0.182570,
      "sys_cpu" : 0.185063,
      "ctx" : 21348,
      "majf" : 0,
      "minf" : 164,
      "iodepth_level" : {
        "1" : 0.100000,
        "2" : 0.100000,
        "4" : 0.153209,
        "8" : 0.306418,
        "16" : 99.425468,
        "32" : 0.000000,
        ">=64" : 0.000000
      },
      "latency_us" : {
        "2" : 0.000000,
        "4" : 0.000000,
        "10" : 0.000000,
        "20" : 0.000000,
        "50" : 0.000000,
        "100" : 0.000000,
        "250" : 0.000000,
        "500" : 0.000000,
        "750" : 0.000000,
        "1000" : 0.010000
      },
      "latency_ms" : {
        "2" : 0.069423,
        "4" : 0.785196,
        "10" : 2.515979,
        "20" : 1.388457,
        "50" : 45.299595,
        "100" : 37.696598,
        "250" : 12.196874,
        "500" : 0.045484,
        "750" : 0.000000,
        "1000" : 0.000000,
        "2000" : 0.000000,
        ">=2000" : 0.000000
      },
      "latency_depth" : 16,
      "latency_target" : 0,
      "latency_percentile" : 100.000000,
      "latency_window" : 0
    }
  ],
  "disk_util" : [
    {
      "name" : "nvme1n1",
      "read_ios" : 77,
      "write_ios" : 41201,
      "read_merges" : 0,
      "write_merges" : 0,
      "read_ticks" : 316,
      "write_ticks" : 1204696,
      "in_queue" : 1197048,
      "util" : 98.869659
    }
  ]
}
