{
  "fio version" : "fio-2.14",
  "timestamp" : 1608563019,
  "timestamp_ms" : 1608563019753,
  "time" : "Mon Dec 21 15:03:39 2020",
  "jobs" : [
    {
      "jobname" : "64kb_16threads",
      "groupid" : 0,
      "error" : 0,
      "eta" : 0,
      "elapsed" : 11,
      "job options" : {
        "direct" : "1",
        "ioengine" : "libaio",
        "iodepth" : "16",
        "rw" : "randwrite",
        "bs" : "64k",
        "size" : "1G",
        "numjobs" : "16",
        "time_based" : "1",
        "runtime" : "10",
        "norandommap" : "1",
        "group_reporting" : "1",
        "filename" : "/dev/nvme1n1"
      },
      "read" : {
        "io_bytes" : 0,
        "bw" : 0,
        "iops" : 0.000000,
        "runtime" : 0,
        "total_ios" : 0,
        "short_ios" : 0,
        "drop_ios" : 0,
        "slat" : {
          "min" : 0,
          "max" : 0,
          "mean" : 0.000000,
          "stddev" : 0.000000
        },
        "clat" : {
          "min" : 0,
          "max" : 0,
          "mean" : 0.000000,
          "stddev" : 0.000000,
          "percentile" : {
            "1.000000" : 0,
            "5.000000" : 0,
            "10.000000" : 0,
            "20.000000" : 0,
            "30.000000" : 0,
            "40.000000" : 0,
            "50.000000" : 0,
            "60.000000" : 0,
            "70.000000" : 0,
            "80.000000" : 0,
            "90.000000" : 0,
            "95.000000" : 0,
            "99.000000" : 0,
            "99.500000" : 0,
            "99.900000" : 0,
            "99.950000" : 0,
            "99.990000" : 0,
            "0.00" : 0,
            "0.00" : 0,
            "0.00" : 0
          }
        },
        "lat" : {
          "min" : 0,
          "max" : 0,
          "mean" : 0.000000,
          "stddev" : 0.000000
        },
        "bw_min" : 0,
        "bw_max" : 0,
        "bw_agg" : 0.000000,
        "bw_mean" : 0.000000,
        "bw_dev" : 0.000000
      },
      "write" : {
        "io_bytes" : 2676544,
        "bw" : 266614,
        "iops" : 4165.853027,
        "runtime" : 10039,
        "total_ios" : 41821,
        "short_ios" : 0,
        "drop_ios" : 0,
        "slat" : {
          "min" : 4,
          "max" : 131392,
          "mean" : 3234.886230,
          "stddev" : 9745.019531
        },
        "clat" : {
          "min" : 713,
          "max" : 266420,
          "mean" : 58123.261719,
          "stddev" : 35255.308594,
          "percentile" : {
            "1.000000" : 4128,
            "5.000000" : 21120,
            "10.000000" : 24960,
            "20.000000" : 27264,
            "30.000000" : 34560,
            "40.000000" : 40192,
            "50.000000" : 49408,
            "60.000000" : 59648,
            "70.000000" : 71168,
            "80.000000" : 85504,
            "90.000000" : 107008,
            "95.000000" : 127488,
            "99.000000" : 166912,
            "99.500000" : 181248,
            "99.900000" : 214016,
            "99.950000" : 222208,
            "99.990000" : 254976,
            "0.00" : 0,
            "0.00" : 0,
            "0.00" : 0
          }
        },
        "lat" : {
          "min" : 719,
          "max" : 269665,
          "mean" : 61358.292969,
          "stddev" : 37084.308594
        },
        "bw_min" : 0,
        "bw_max" : 0,
        "bw_agg" : 0.000000,
        "bw_mean" : 0.000000,
        "bw_dev" : 0.000000
      },
      "trim" : {
        "io_bytes" : 0,
        "bw" : 0,
        "iops" : 0.000000,
        "runtime" : 0,
        "total_ios" : 0,
        "short_ios" : 0,
        "drop_ios" : 0,
        "slat" : {
          "min" : 0,
          "max" : 0,
          "mean" : 0.000000,
          "stddev" : 0.000000
        },
        "clat" : {
          "min" : 0,
          "max" : 0,
          "mean" : 0.000000,
          "stddev" : 0.000000,
          "percentile" : {
            "1.000000" : 0,
            "5.000000" : 0,
            "10.000000" : 0,
            "20.000000" : 0,
            "30.000000" : 0,
            "40.000000" : 0,
            "50.000000" : 0,
            "60.000000" : 0,
            "70.000000" : 0,
            "80.000000" : 0,
            "90.000000" : 0,
            "95.000000" : 0,
            "99.000000" : 0,
            "99.500000" : 0,
            "99.900000" : 0,
            "99.950000" : 0,
            "99.990000" : 0,
            "0.00" : 0,
            "0.00" : 0,
            "0.00" : 0
          }
        },
        "lat" : {
          "min" : 0,
          "max" : 0,
          "mean" : 0.000000,
          "stddev" : 0.000000
        },
        "bw_min" : 0,
        "bw_max" : 0,
        "bw_agg" : 0.000000,
        "bw_mean" : 0.000000,
        "bw_dev" : 0.000000
      },
      "usr_cpu" : 0.117134,
      "sys_cpu" : 0.159502,
      "ctx" : 21827,
      "majf" : 0,
      "minf" : 149,
      "iodepth_level" : {
        "1" : 0.100000,
        "2" : 0.100000,
        "4" : 0.153033,
        "8" : 0.306066,
        "16" : 99.426125,
        "32" : 0.000000,
        ">=64" : 0.000000
      },
      "latency_us" : {
        "2" : 0.000000,
        "4" : 0.000000,
        "10" : 0.000000,
        "20" : 0.000000,
        "50" : 0.000000,
        "100" : 0.000000,
        "250" : 0.000000,
        "500" : 0.000000,
        "750" : 0.010000,
        "1000" : 0.019129
      },
      "latency_ms" : {
        "2" : 0.069343,
        "4" : 0.856029,
        "10" : 2.723512,
        "20" : 0.944502,
        "50" : 46.122761,
        "100" : 36.983810,
        "250" : 12.264174,
        "500" : 0.011956,
        "750" : 0.000000,
        "1000" : 0.000000,
        "2000" : 0.000000,
        ">=2000" : 0.000000
      },
      "latency_depth" : 16,
      "latency_target" : 0,
      "latency_percentile" : 100.000000,
      "latency_window" : 0
    }
  ],
  "disk_util" : [
    {
      "name" : "nvme1n1",
      "read_ios" : 83,
      "write_ios" : 41254,
      "read_merges" : 0,
      "write_merges" : 0,
      "read_ticks" : 932,
      "write_ticks" : 1205788,
      "in_queue" : 1199192,
      "util" : 98.989700
    }
  ]
}
