{
  "fio version" : "fio-2.14",
  "timestamp" : 1608563092,
  "timestamp_ms" : 1608563092952,
  "time" : "Mon Dec 21 15:04:52 2020",
  "jobs" : [
    {
      "jobname" : "64kb_16threads",
      "groupid" : 0,
      "error" : 0,
      "eta" : 0,
      "elapsed" : 11,
      "job options" : {
        "direct" : "1",
        "ioengine" : "libaio",
        "iodepth" : "16",
        "rw" : "randwrite",
        "bs" : "64k",
        "size" : "1G",
        "numjobs" : "16",
        "time_based" : "1",
        "runtime" : "10",
        "norandommap" : "1",
        "group_reporting" : "1",
        "filename" : "/dev/md0"
      },
      "read" : {
        "io_bytes" : 0,
        "bw" : 0,
        "iops" : 0.000000,
        "runtime" : 0,
        "total_ios" : 0,
        "short_ios" : 0,
        "drop_ios" : 0,
        "slat" : {
          "min" : 0,
          "max" : 0,
          "mean" : 0.000000,
          "stddev" : 0.000000
        },
        "clat" : {
          "min" : 0,
          "max" : 0,
          "mean" : 0.000000,
          "stddev" : 0.000000,
          "percentile" : {
            "1.000000" : 0,
            "5.000000" : 0,
            "10.000000" : 0,
            "20.000000" : 0,
            "30.000000" : 0,
            "40.000000" : 0,
            "50.000000" : 0,
            "60.000000" : 0,
            "70.000000" : 0,
            "80.000000" : 0,
            "90.000000" : 0,
            "95.000000" : 0,
            "99.000000" : 0,
            "99.500000" : 0,
            "99.900000" : 0,
            "99.950000" : 0,
            "99.990000" : 0,
            "0.00" : 0,
            "0.00" : 0,
            "0.00" : 0
          }
        },
        "lat" : {
          "min" : 0,
          "max" : 0,
          "mean" : 0.000000,
          "stddev" : 0.000000
        },
        "bw_min" : 0,
        "bw_max" : 0,
        "bw_agg" : 0.000000,
        "bw_mean" : 0.000000,
        "bw_dev" : 0.000000
      },
      "write" : {
        "io_bytes" : 5356096,
        "bw" : 533369,
        "iops" : 8333.897461,
        "runtime" : 10042,
        "total_ios" : 83689,
        "short_ios" : 0,
        "drop_ios" : 0,
        "slat" : {
          "min" : 3,
          "max" : 148979,
          "mean" : 1584.818604,
          "stddev" : 6873.858398
        },
        "clat" : {
          "min" : 531,
          "max" : 211698,
          "mean" : 29082.189453,
          "stddev" : 28093.128906,
          "percentile" : {
            "1.000000" : 660,
            "5.000000" : 852,
            "10.000000" : 1128,
            "20.000000" : 1976,
            "30.000000" : 3664,
            "40.000000" : 14528,
            "50.000000" : 25472,
            "60.000000" : 31872,
            "70.000000" : 39680,
            "80.000000" : 50944,
            "90.000000" : 67072,
            "95.000000" : 82432,
            "99.000000" : 116224,
            "99.500000" : 128512,
            "99.900000" : 150528,
            "99.950000" : 154624,
            "99.990000" : 181248,
            "0.00" : 0,
            "0.00" : 0,
            "0.00" : 0
          }
        },
        "lat" : {
          "min" : 538,
          "max" : 211707,
          "mean" : 30667.134766,
          "stddev" : 29944.609375
        },
        "bw_min" : 0,
        "bw_max" : 0,
        "bw_agg" : 0.000000,
        "bw_mean" : 0.000000,
        "bw_dev" : 0.000000
      },
      "trim" : {
        "io_bytes" : 0,
        "bw" : 0,
        "iops" : 0.000000,
        "runtime" : 0,
        "total_ios" : 0,
        "short_ios" : 0,
        "drop_ios" : 0,
        "slat" : {
          "min" : 0,
          "max" : 0,
          "mean" : 0.000000,
          "stddev" : 0.000000
        },
        "clat" : {
          "min" : 0,
          "max" : 0,
          "mean" : 0.000000,
          "stddev" : 0.000000,
          "percentile" : {
            "1.000000" : 0,
            "5.000000" : 0,
            "10.000000" : 0,
            "20.000000" : 0,
            "30.000000" : 0,
            "40.000000" : 0,
            "50.000000" : 0,
            "60.000000" : 0,
            "70.000000" : 0,
            "80.000000" : 0,
            "90.000000" : 0,
            "95.000000" : 0,
            "99.000000" : 0,
            "99.500000" : 0,
            "99.900000" : 0,
            "99.950000" : 0,
            "99.990000" : 0,
            "0.00" : 0,
            "0.00" : 0,
            "0.00" : 0
          }
        },
        "lat" : {
          "min" : 0,
          "max" : 0,
          "mean" : 0.000000,
          "stddev" : 0.000000
        },
        "bw_min" : 0,
        "bw_max" : 0,
        "bw_agg" : 0.000000,
        "bw_mean" : 0.000000,
        "bw_dev" : 0.000000
      },
      "usr_cpu" : 0.205625,
      "sys_cpu" : 0.386327,
      "ctx" : 45596,
      "majf" : 0,
      "minf" : 162,
      "iodepth_level" : {
        "1" : 0.100000,
        "2" : 0.100000,
        "4" : 0.100000,
        "8" : 0.152947,
        "16" : 99.713226,
        "32" : 0.000000,
        ">=64" : 0.000000
      },
      "latency_us" : {
        "2" : 0.000000,
        "4" : 0.000000,
        "10" : 0.000000,
        "20" : 0.000000,
        "50" : 0.000000,
        "100" : 0.000000,
        "250" : 0.000000,
        "500" : 0.000000,
        "750" : 2.984861,
        "1000" : 4.804694
      },
      "latency_ms" : {
        "2" : 12.412622,
        "4" : 10.620273,
        "10" : 6.616162,
        "20" : 4.864439,
        "50" : 37.157810,
        "100" : 18.304676,
        "250" : 2.234463,
        "500" : 0.000000,
        "750" : 0.000000,
        "1000" : 0.000000,
        "2000" : 0.000000,
        ">=2000" : 0.000000
      },
      "latency_depth" : 16,
      "latency_target" : 0,
      "latency_percentile" : 100.000000,
      "latency_window" : 0
    }
  ],
  "disk_util" : [
    {
      "name" : "md0",
      "read_ios" : 69,
      "write_ios" : 82831,
      "read_merges" : 0,
      "write_merges" : 0,
      "read_ticks" : 0,
      "write_ticks" : 0,
      "in_queue" : 0,
      "util" : 0.000000,
      "aggr_read_ios" : 56,
      "aggr_write_ios" : 41844,
      "aggr_read_merges" : 0,
      "aggr_write_merge" : 0,
      "aggr_read_ticks" : 120,
      "aggr_write_ticks" : 644290,
      "aggr_in_queue" : 636882,
      "aggr_util" : 98.450066
    },
    {
      "name" : "nvme3n1",
      "read_ios" : 70,
      "write_ios" : 41802,
      "read_merges" : 0,
      "write_merges" : 0,
      "read_ticks" : 144,
      "write_ticks" : 82908,
      "in_queue" : 75616,
      "util" : 96.448891
    },
    {
      "name" : "nvme2n1",
      "read_ios" : 43,
      "write_ios" : 41887,
      "read_merges" : 0,
      "write_merges" : 0,
      "read_ticks" : 96,
      "write_ticks" : 1205672,
      "in_queue" : 1198148,
      "util" : 98.450066
    }
  ]
}
