{
  "fio version" : "fio-2.14",
  "timestamp" : 1608563218,
  "timestamp_ms" : 1608563218095,
  "time" : "Mon Dec 21 15:06:58 2020",
  "jobs" : [
    {
      "jobname" : "16kb_16threads",
      "groupid" : 0,
      "error" : 0,
      "eta" : 0,
      "elapsed" : 11,
      "job options" : {
        "direct" : "1",
        "ioengine" : "libaio",
        "iodepth" : "16",
        "rw" : "randwrite",
        "bs" : "16k",
        "size" : "1G",
        "numjobs" : "16",
        "time_based" : "1",
        "runtime" : "10",
        "norandommap" : "1",
        "group_reporting" : "1",
        "filename" : "/dev/nvme5n1"
      },
      "read" : {
        "io_bytes" : 0,
        "bw" : 0,
        "iops" : 0.000000,
        "runtime" : 0,
        "total_ios" : 0,
        "short_ios" : 0,
        "drop_ios" : 0,
        "slat" : {
          "min" : 0,
          "max" : 0,
          "mean" : 0.000000,
          "stddev" : 0.000000
        },
        "clat" : {
          "min" : 0,
          "max" : 0,
          "mean" : 0.000000,
          "stddev" : 0.000000,
          "percentile" : {
            "1.000000" : 0,
            "5.000000" : 0,
            "10.000000" : 0,
            "20.000000" : 0,
            "30.000000" : 0,
            "40.000000" : 0,
            "50.000000" : 0,
            "60.000000" : 0,
            "70.000000" : 0,
            "80.000000" : 0,
            "90.000000" : 0,
            "95.000000" : 0,
            "99.000000" : 0,
            "99.500000" : 0,
            "99.900000" : 0,
            "99.950000" : 0,
            "99.990000" : 0,
            "0.00" : 0,
            "0.00" : 0,
            "0.00" : 0
          }
        },
        "lat" : {
          "min" : 0,
          "max" : 0,
          "mean" : 0.000000,
          "stddev" : 0.000000
        },
        "bw_min" : 0,
        "bw_max" : 0,
        "bw_agg" : 0.000000,
        "bw_mean" : 0.000000,
        "bw_dev" : 0.000000
      },
      "write" : {
        "io_bytes" : 2664512,
        "bw" : 266158,
        "iops" : 16634.902344,
        "runtime" : 10011,
        "total_ios" : 166532,
        "short_ios" : 0,
        "drop_ios" : 0,
        "slat" : {
          "min" : 2,
          "max" : 42182,
          "mean" : 808.487732,
          "stddev" : 2542.533691
        },
        "clat" : {
          "min" : 556,
          "max" : 77503,
          "mean" : 14570.672852,
          "stddev" : 9474.208984,
          "percentile" : {
            "1.000000" : 2672,
            "5.000000" : 3568,
            "10.000000" : 4640,
            "20.000000" : 6432,
            "30.000000" : 8256,
            "40.000000" : 10176,
            "50.000000" : 12224,
            "60.000000" : 14784,
            "70.000000" : 17792,
            "80.000000" : 21632,
            "90.000000" : 27776,
            "95.000000" : 33024,
            "99.000000" : 44288,
            "99.500000" : 48384,
            "99.900000" : 56576,
            "99.950000" : 59648,
            "99.990000" : 67072,
            "0.00" : 0,
            "0.00" : 0,
            "0.00" : 0
          }
        },
        "lat" : {
          "min" : 562,
          "max" : 77509,
          "mean" : 15379.300781,
          "stddev" : 9912.991211
        },
        "bw_min" : 0,
        "bw_max" : 0,
        "bw_agg" : 0.000000,
        "bw_mean" : 0.000000,
        "bw_dev" : 0.000000
      },
      "trim" : {
        "io_bytes" : 0,
        "bw" : 0,
        "iops" : 0.000000,
        "runtime" : 0,
        "total_ios" : 0,
        "short_ios" : 0,
        "drop_ios" : 0,
        "slat" : {
          "min" : 0,
          "max" : 0,
          "mean" : 0.000000,
          "stddev" : 0.000000
        },
        "clat" : {
          "min" : 0,
          "max" : 0,
          "mean" : 0.000000,
          "stddev" : 0.000000,
          "percentile" : {
            "1.000000" : 0,
            "5.000000" : 0,
            "10.000000" : 0,
            "20.000000" : 0,
            "30.000000" : 0,
            "40.000000" : 0,
            "50.000000" : 0,
            "60.000000" : 0,
            "70.000000" : 0,
            "80.000000" : 0,
            "90.000000" : 0,
            "95.000000" : 0,
            "99.000000" : 0,
            "99.500000" : 0,
            "99.900000" : 0,
            "99.950000" : 0,
            "99.990000" : 0,
            "0.00" : 0,
            "0.00" : 0,
            "0.00" : 0
          }
        },
        "lat" : {
          "min" : 0,
          "max" : 0,
          "mean" : 0.000000,
          "stddev" : 0.000000
        },
        "bw_min" : 0,
        "bw_max" : 0,
        "bw_agg" : 0.000000,
        "bw_mean" : 0.000000,
        "bw_dev" : 0.000000
      },
      "usr_cpu" : 0.246047,
      "sys_cpu" : 0.676317,
      "ctx" : 81493,
      "majf" : 0,
      "minf" : 162,
      "iodepth_level" : {
        "1" : 0.100000,
        "2" : 0.100000,
        "4" : 0.100000,
        "8" : 0.100000,
        "16" : 99.855881,
        "32" : 0.000000,
        ">=64" : 0.000000
      },
      "latency_us" : {
        "2" : 0.000000,
        "4" : 0.000000,
        "10" : 0.000000,
        "20" : 0.000000,
        "50" : 0.000000,
        "100" : 0.000000,
        "250" : 0.000000,
        "500" : 0.000000,
        "750" : 0.010000,
        "1000" : 0.020416
      },
      "latency_ms" : {
        "2" : 0.109288,
        "4" : 6.858141,
        "10" : 32.349339,
        "20" : 36.662624,
        "50" : 23.597868,
        "100" : 0.396921,
        "250" : 0.000000,
        "500" : 0.000000,
        "750" : 0.000000,
        "1000" : 0.000000,
        "2000" : 0.000000,
        ">=2000" : 0.000000
      },
      "latency_depth" : 16,
      "latency_target" : 0,
      "latency_percentile" : 100.000000,
      "latency_window" : 0
    }
  ],
  "disk_util" : [
    {
      "name" : "nvme5n1",
      "read_ios" : 84,
      "write_ios" : 164713,
      "read_merges" : 0,
      "write_merges" : 0,
      "read_ticks" : 216,
      "write_ticks" : 1186052,
      "in_queue" : 1177932,
      "util" : 99.029709
    }
  ]
}
