{
  "fio version" : "fio-2.14",
  "timestamp" : 1608562988,
  "timestamp_ms" : 1608562988371,
  "time" : "Mon Dec 21 15:03:08 2020",
  "jobs" : [
    {
      "jobname" : "8kb_16threads",
      "groupid" : 0,
      "error" : 0,
      "eta" : 0,
      "elapsed" : 11,
      "job options" : {
        "direct" : "1",
        "ioengine" : "libaio",
        "iodepth" : "16",
        "rw" : "randwrite",
        "bs" : "8k",
        "size" : "1G",
        "numjobs" : "16",
        "time_based" : "1",
        "runtime" : "10",
        "norandommap" : "1",
        "group_reporting" : "1",
        "filename" : "/dev/nvme1n1"
      },
      "read" : {
        "io_bytes" : 0,
        "bw" : 0,
        "iops" : 0.000000,
        "runtime" : 0,
        "total_ios" : 0,
        "short_ios" : 0,
        "drop_ios" : 0,
        "slat" : {
          "min" : 0,
          "max" : 0,
          "mean" : 0.000000,
          "stddev" : 0.000000
        },
        "clat" : {
          "min" : 0,
          "max" : 0,
          "mean" : 0.000000,
          "stddev" : 0.000000,
          "percentile" : {
            "1.000000" : 0,
            "5.000000" : 0,
            "10.000000" : 0,
            "20.000000" : 0,
            "30.000000" : 0,
            "40.000000" : 0,
            "50.000000" : 0,
            "60.000000" : 0,
            "70.000000" : 0,
            "80.000000" : 0,
            "90.000000" : 0,
            "95.000000" : 0,
            "99.000000" : 0,
            "99.500000" : 0,
            "99.900000" : 0,
            "99.950000" : 0,
            "99.990000" : 0,
            "0.00" : 0,
            "0.00" : 0,
            "0.00" : 0
          }
        },
        "lat" : {
          "min" : 0,
          "max" : 0,
          "mean" : 0.000000,
          "stddev" : 0.000000
        },
        "bw_min" : 0,
        "bw_max" : 0,
        "bw_agg" : 0.000000,
        "bw_mean" : 0.000000,
        "bw_dev" : 0.000000
      },
      "write" : {
        "io_bytes" : 331680,
        "bw" : 33045,
        "iops" : 4130.716309,
        "runtime" : 10037,
        "total_ios" : 41460,
        "short_ios" : 0,
        "drop_ios" : 0,
        "slat" : {
          "min" : 2,
          "max" : 135704,
          "mean" : 3291.283203,
          "stddev" : 9737.195312
        },
        "clat" : {
          "min" : 573,
          "max" : 274853,
          "mean" : 58607.203125,
          "stddev" : 34859.835938,
          "percentile" : {
            "1.000000" : 4640,
            "5.000000" : 23168,
            "10.000000" : 25216,
            "20.000000" : 27776,
            "30.000000" : 36096,
            "40.000000" : 41216,
            "50.000000" : 50944,
            "60.000000" : 60672,
            "70.000000" : 71168,
            "80.000000" : 84480,
            "90.000000" : 105984,
            "95.000000" : 124416,
            "99.000000" : 171008,
            "99.500000" : 189440,
            "99.900000" : 228352,
            "99.950000" : 236544,
            "99.990000" : 268288,
            "0.00" : 0,
            "0.00" : 0,
            "0.00" : 0
          }
        },
        "lat" : {
          "min" : 576,
          "max" : 294451,
          "mean" : 61898.628906,
          "stddev" : 36770.457031
        },
        "bw_min" : 0,
        "bw_max" : 0,
        "bw_agg" : 0.000000,
        "bw_mean" : 0.000000,
        "bw_dev" : 0.000000
      },
      "trim" : {
        "io_bytes" : 0,
        "bw" : 0,
        "iops" : 0.000000,
        "runtime" : 0,
        "total_ios" : 0,
        "short_ios" : 0,
        "drop_ios" : 0,
        "slat" : {
          "min" : 0,
          "max" : 0,
          "mean" : 0.000000,
          "stddev" : 0.000000
        },
        "clat" : {
          "min" : 0,
          "max" : 0,
          "mean" : 0.000000,
          "stddev" : 0.000000,
          "percentile" : {
            "1.000000" : 0,
            "5.000000" : 0,
            "10.000000" : 0,
            "20.000000" : 0,
            "30.000000" : 0,
            "40.000000" : 0,
            "50.000000" : 0,
            "60.000000" : 0,
            "70.000000" : 0,
            "80.000000" : 0,
            "90.000000" : 0,
            "95.000000" : 0,
            "99.000000" : 0,
            "99.500000" : 0,
            "99.900000" : 0,
            "99.950000" : 0,
            "99.990000" : 0,
            "0.00" : 0,
            "0.00" : 0,
            "0.00" : 0
          }
        },
        "lat" : {
          "min" : 0,
          "max" : 0,
          "mean" : 0.000000,
          "stddev" : 0.000000
        },
        "bw_min" : 0,
        "bw_max" : 0,
        "bw_agg" : 0.000000,
        "bw_mean" : 0.000000,
        "bw_dev" : 0.000000
      },
      "usr_cpu" : 0.038635,
      "sys_cpu" : 0.162641,
      "ctx" : 21266,
      "majf" : 0,
      "minf" : 147,
      "iodepth_level" : {
        "1" : 0.100000,
        "2" : 0.100000,
        "4" : 0.154366,
        "8" : 0.308731,
        "16" : 99.421127,
        "32" : 0.000000,
        ">=64" : 0.000000
      },
      "latency_us" : {
        "2" : 0.000000,
        "4" : 0.000000,
        "10" : 0.000000,
        "20" : 0.000000,
        "50" : 0.000000,
        "100" : 0.000000,
        "250" : 0.000000,
        "500" : 0.000000,
        "750" : 0.026532,
        "1000" : 0.024120
      },
      "latency_ms" : {
        "2" : 0.069947,
        "4" : 0.651230,
        "10" : 2.122528,
        "20" : 0.909310,
        "50" : 45.118187,
        "100" : 39.146164,
        "250" : 11.907863,
        "500" : 0.024120,
        "750" : 0.000000,
        "1000" : 0.000000,
        "2000" : 0.000000,
        ">=2000" : 0.000000
      },
      "latency_depth" : 16,
      "latency_target" : 0,
      "latency_percentile" : 100.000000,
      "latency_window" : 0
    }
  ],
  "disk_util" : [
    {
      "name" : "nvme1n1",
      "read_ios" : 82,
      "write_ios" : 40922,
      "read_merges" : 0,
      "write_merges" : 0,
      "read_ticks" : 860,
      "write_ticks" : 1206196,
      "in_queue" : 1200068,
      "util" : 99.069717
    }
  ]
}
