{
  "fio version" : "fio-2.14",
  "timestamp" : 1608563103,
  "timestamp_ms" : 1608563103382,
  "time" : "Mon Dec 21 15:05:03 2020",
  "jobs" : [
    {
      "jobname" : "128kb_16threads",
      "groupid" : 0,
      "error" : 0,
      "eta" : 0,
      "elapsed" : 11,
      "job options" : {
        "direct" : "1",
        "ioengine" : "libaio",
        "iodepth" : "16",
        "rw" : "randwrite",
        "bs" : "128k",
        "size" : "1G",
        "numjobs" : "16",
        "time_based" : "1",
        "runtime" : "10",
        "norandommap" : "1",
        "group_reporting" : "1",
        "filename" : "/dev/md0"
      },
      "read" : {
        "io_bytes" : 0,
        "bw" : 0,
        "iops" : 0.000000,
        "runtime" : 0,
        "total_ios" : 0,
        "short_ios" : 0,
        "drop_ios" : 0,
        "slat" : {
          "min" : 0,
          "max" : 0,
          "mean" : 0.000000,
          "stddev" : 0.000000
        },
        "clat" : {
          "min" : 0,
          "max" : 0,
          "mean" : 0.000000,
          "stddev" : 0.000000,
          "percentile" : {
            "1.000000" : 0,
            "5.000000" : 0,
            "10.000000" : 0,
            "20.000000" : 0,
            "30.000000" : 0,
            "40.000000" : 0,
            "50.000000" : 0,
            "60.000000" : 0,
            "70.000000" : 0,
            "80.000000" : 0,
            "90.000000" : 0,
            "95.000000" : 0,
            "99.000000" : 0,
            "99.500000" : 0,
            "99.900000" : 0,
            "99.950000" : 0,
            "99.990000" : 0,
            "0.00" : 0,
            "0.00" : 0,
            "0.00" : 0
          }
        },
        "lat" : {
          "min" : 0,
          "max" : 0,
          "mean" : 0.000000,
          "stddev" : 0.000000
        },
        "bw_min" : 0,
        "bw_max" : 0,
        "bw_agg" : 0.000000,
        "bw_mean" : 0.000000,
        "bw_dev" : 0.000000
      },
      "write" : {
        "io_bytes" : 10680064,
        "bw" : 1064175,
        "iops" : 8313.870117,
        "runtime" : 10036,
        "total_ios" : 83438,
        "short_ios" : 0,
        "drop_ios" : 0,
        "slat" : {
          "min" : 5,
          "max" : 140018,
          "mean" : 1588.087158,
          "stddev" : 7049.866699
        },
        "clat" : {
          "min" : 714,
          "max" : 216754,
          "mean" : 29151.884766,
          "stddev" : 28166.728516,
          "percentile" : {
            "1.000000" : 860,
            "5.000000" : 988,
            "10.000000" : 1176,
            "20.000000" : 1960,
            "30.000000" : 3888,
            "40.000000" : 15040,
            "50.000000" : 25216,
            "60.000000" : 32384,
            "70.000000" : 40192,
            "80.000000" : 50944,
            "90.000000" : 67072,
            "95.000000" : 83456,
            "99.000000" : 115200,
            "99.500000" : 132096,
            "99.900000" : 164864,
            "99.950000" : 175104,
            "99.990000" : 199680,
            "0.00" : 0,
            "0.00" : 0,
            "0.00" : 0
          }
        },
        "lat" : {
          "min" : 729,
          "max" : 236373,
          "mean" : 30740.105469,
          "stddev" : 30024.125000
        },
        "bw_min" : 0,
        "bw_max" : 0,
        "bw_agg" : 0.000000,
        "bw_mean" : 0.000000,
        "bw_dev" : 0.000000
      },
      "trim" : {
        "io_bytes" : 0,
        "bw" : 0,
        "iops" : 0.000000,
        "runtime" : 0,
        "total_ios" : 0,
        "short_ios" : 0,
        "drop_ios" : 0,
        "slat" : {
          "min" : 0,
          "max" : 0,
          "mean" : 0.000000,
          "stddev" : 0.000000
        },
        "clat" : {
          "min" : 0,
          "max" : 0,
          "mean" : 0.000000,
          "stddev" : 0.000000,
          "percentile" : {
            "1.000000" : 0,
            "5.000000" : 0,
            "10.000000" : 0,
            "20.000000" : 0,
            "30.000000" : 0,
            "40.000000" : 0,
            "50.000000" : 0,
            "60.000000" : 0,
            "70.000000" : 0,
            "80.000000" : 0,
            "90.000000" : 0,
            "95.000000" : 0,
            "99.000000" : 0,
            "99.500000" : 0,
            "99.900000" : 0,
            "99.950000" : 0,
            "99.990000" : 0,
            "0.00" : 0,
            "0.00" : 0,
            "0.00" : 0
          }
        },
        "lat" : {
          "min" : 0,
          "max" : 0,
          "mean" : 0.000000,
          "stddev" : 0.000000
        },
        "bw_min" : 0,
        "bw_max" : 0,
        "bw_agg" : 0.000000,
        "bw_mean" : 0.000000,
        "bw_dev" : 0.000000
      },
      "usr_cpu" : 0.370851,
      "sys_cpu" : 0.426946,
      "ctx" : 44528,
      "majf" : 0,
      "minf" : 162,
      "iodepth_level" : {
        "1" : 0.100000,
        "2" : 0.100000,
        "4" : 0.100000,
        "8" : 0.153407,
        "16" : 99.712364,
        "32" : 0.000000,
        ">=64" : 0.000000
      },
      "latency_us" : {
        "2" : 0.000000,
        "4" : 0.000000,
        "10" : 0.000000,
        "20" : 0.000000,
        "50" : 0.000000,
        "100" : 0.000000,
        "250" : 0.000000,
        "500" : 0.000000,
        "750" : 0.010000,
        "1000" : 5.305736
      },
      "latency_ms" : {
        "2" : 14.987176,
        "4" : 9.939116,
        "10" : 7.024377,
        "20" : 5.207459,
        "50" : 36.997532,
        "100" : 18.464008,
        "250" : 2.069800,
        "500" : 0.000000,
        "750" : 0.000000,
        "1000" : 0.000000,
        "2000" : 0.000000,
        ">=2000" : 0.000000
      },
      "latency_depth" : 16,
      "latency_target" : 0,
      "latency_percentile" : 100.000000,
      "latency_window" : 0
    }
  ],
  "disk_util" : [
    {
      "name" : "md0",
      "read_ios" : 68,
      "write_ios" : 82556,
      "read_merges" : 0,
      "write_merges" : 0,
      "read_ticks" : 0,
      "write_ticks" : 0,
      "in_queue" : 0,
      "util" : 0.000000,
      "aggr_read_ios" : 49,
      "aggr_write_ios" : 41719,
      "aggr_read_merges" : 0,
      "aggr_write_merge" : 0,
      "aggr_read_ticks" : 96,
      "aggr_write_ticks" : 641172,
      "aggr_in_queue" : 634180,
      "aggr_util" : 98.440414
    },
    {
      "name" : "nvme3n1",
      "read_ios" : 57,
      "write_ios" : 41699,
      "read_merges" : 0,
      "write_merges" : 0,
      "read_ticks" : 96,
      "write_ticks" : 83136,
      "in_queue" : 75776,
      "util" : 96.164787
    },
    {
      "name" : "nvme2n1",
      "read_ios" : 42,
      "write_ios" : 41739,
      "read_merges" : 0,
      "write_merges" : 0,
      "read_ticks" : 96,
      "write_ticks" : 1199208,
      "in_queue" : 1192584,
      "util" : 98.440414
    }
  ]
}
