{
  "fio version" : "fio-2.14",
  "timestamp" : 1608563113,
  "timestamp_ms" : 1608563113810,
  "time" : "Mon Dec 21 15:05:13 2020",
  "jobs" : [
    {
      "jobname" : "256kb_16threads",
      "groupid" : 0,
      "error" : 0,
      "eta" : 0,
      "elapsed" : 11,
      "job options" : {
        "direct" : "1",
        "ioengine" : "libaio",
        "iodepth" : "16",
        "rw" : "randwrite",
        "bs" : "256k",
        "size" : "1G",
        "numjobs" : "16",
        "time_based" : "1",
        "runtime" : "10",
        "norandommap" : "1",
        "group_reporting" : "1",
        "filename" : "/dev/md0"
      },
      "read" : {
        "io_bytes" : 0,
        "bw" : 0,
        "iops" : 0.000000,
        "runtime" : 0,
        "total_ios" : 0,
        "short_ios" : 0,
        "drop_ios" : 0,
        "slat" : {
          "min" : 0,
          "max" : 0,
          "mean" : 0.000000,
          "stddev" : 0.000000
        },
        "clat" : {
          "min" : 0,
          "max" : 0,
          "mean" : 0.000000,
          "stddev" : 0.000000,
          "percentile" : {
            "1.000000" : 0,
            "5.000000" : 0,
            "10.000000" : 0,
            "20.000000" : 0,
            "30.000000" : 0,
            "40.000000" : 0,
            "50.000000" : 0,
            "60.000000" : 0,
            "70.000000" : 0,
            "80.000000" : 0,
            "90.000000" : 0,
            "95.000000" : 0,
            "99.000000" : 0,
            "99.500000" : 0,
            "99.900000" : 0,
            "99.950000" : 0,
            "99.990000" : 0,
            "0.00" : 0,
            "0.00" : 0,
            "0.00" : 0
          }
        },
        "lat" : {
          "min" : 0,
          "max" : 0,
          "mean" : 0.000000,
          "stddev" : 0.000000
        },
        "bw_min" : 0,
        "bw_max" : 0,
        "bw_agg" : 0.000000,
        "bw_mean" : 0.000000,
        "bw_dev" : 0.000000
      },
      "write" : {
        "io_bytes" : 13549312,
        "bw" : 1348324,
        "iops" : 5266.892090,
        "runtime" : 10049,
        "total_ios" : 52927,
        "short_ios" : 0,
        "drop_ios" : 0,
        "slat" : {
          "min" : 8,
          "max" : 154289,
          "mean" : 1832.677979,
          "stddev" : 8391.727539
        },
        "clat" : {
          "min" : 300,
          "max" : 286723,
          "mean" : 46637.433594,
          "stddev" : 31156.216797,
          "percentile" : {
            "1.000000" : 1752,
            "5.000000" : 4128,
            "10.000000" : 7200,
            "20.000000" : 20352,
            "30.000000" : 29312,
            "40.000000" : 36096,
            "50.000000" : 42752,
            "60.000000" : 49408,
            "70.000000" : 58112,
            "80.000000" : 69120,
            "90.000000" : 87552,
            "95.000000" : 102912,
            "99.000000" : 144384,
            "99.500000" : 162816,
            "99.900000" : 199680,
            "99.950000" : 216064,
            "99.990000" : 280576,
            "0.00" : 0,
            "0.00" : 0,
            "0.00" : 0
          }
        },
        "lat" : {
          "min" : 1207,
          "max" : 286743,
          "mean" : 48470.246094,
          "stddev" : 32713.701172
        },
        "bw_min" : 0,
        "bw_max" : 0,
        "bw_agg" : 0.000000,
        "bw_mean" : 0.000000,
        "bw_dev" : 0.000000
      },
      "trim" : {
        "io_bytes" : 0,
        "bw" : 0,
        "iops" : 0.000000,
        "runtime" : 0,
        "total_ios" : 0,
        "short_ios" : 0,
        "drop_ios" : 0,
        "slat" : {
          "min" : 0,
          "max" : 0,
          "mean" : 0.000000,
          "stddev" : 0.000000
        },
        "clat" : {
          "min" : 0,
          "max" : 0,
          "mean" : 0.000000,
          "stddev" : 0.000000,
          "percentile" : {
            "1.000000" : 0,
            "5.000000" : 0,
            "10.000000" : 0,
            "20.000000" : 0,
            "30.000000" : 0,
            "40.000000" : 0,
            "50.000000" : 0,
            "60.000000" : 0,
            "70.000000" : 0,
            "80.000000" : 0,
            "90.000000" : 0,
            "95.000000" : 0,
            "99.000000" : 0,
            "99.500000" : 0,
            "99.900000" : 0,
            "99.950000" : 0,
            "99.990000" : 0,
            "0.00" : 0,
            "0.00" : 0,
            "0.00" : 0
          }
        },
        "lat" : {
          "min" : 0,
          "max" : 0,
          "mean" : 0.000000,
          "stddev" : 0.000000
        },
        "bw_min" : 0,
        "bw_max" : 0,
        "bw_agg" : 0.000000,
        "bw_mean" : 0.000000,
        "bw_dev" : 0.000000
      },
      "usr_cpu" : 0.492108,
      "sys_cpu" : 0.386211,
      "ctx" : 29677,
      "majf" : 0,
      "minf" : 178,
      "iodepth_level" : {
        "1" : 0.100000,
        "2" : 0.100000,
        "4" : 0.120921,
        "8" : 0.241843,
        "16" : 99.546547,
        "32" : 0.000000,
        ">=64" : 0.000000
      },
      "latency_us" : {
        "2" : 0.000000,
        "4" : 0.000000,
        "10" : 0.000000,
        "20" : 0.000000,
        "50" : 0.000000,
        "100" : 0.000000,
        "250" : 0.000000,
        "500" : 0.010000,
        "750" : 0.000000,
        "1000" : 0.000000
      },
      "latency_ms" : {
        "2" : 1.471839,
        "4" : 3.279989,
        "10" : 7.680390,
        "20" : 7.253387,
        "50" : 40.958302,
        "100" : 33.597218,
        "250" : 5.736203,
        "500" : 0.020783,
        "750" : 0.000000,
        "1000" : 0.000000,
        "2000" : 0.000000,
        ">=2000" : 0.000000
      },
      "latency_depth" : 16,
      "latency_target" : 0,
      "latency_percentile" : 100.000000,
      "latency_window" : 0
    }
  ],
  "disk_util" : [
    {
      "name" : "md0",
      "read_ios" : 119,
      "write_ios" : 52295,
      "read_merges" : 0,
      "write_merges" : 0,
      "read_ticks" : 0,
      "write_ticks" : 0,
      "in_queue" : 0,
      "util" : 0.000000,
      "aggr_read_ios" : 77,
      "aggr_write_ios" : 26463,
      "aggr_read_merges" : 0,
      "aggr_write_merge" : 0,
      "aggr_read_ticks" : 270,
      "aggr_write_ticks" : 875036,
      "aggr_in_queue" : 868650,
      "aggr_util" : 98.256615
    },
    {
      "name" : "nvme3n1",
      "read_ios" : 96,
      "write_ios" : 26540,
      "read_merges" : 0,
      "write_merges" : 0,
      "read_ticks" : 212,
      "write_ticks" : 899436,
      "in_queue" : 892128,
      "util" : 98.099899
    },
    {
      "name" : "nvme2n1",
      "read_ios" : 59,
      "write_ios" : 26387,
      "read_merges" : 0,
      "write_merges" : 0,
      "read_ticks" : 328,
      "write_ticks" : 850636,
      "in_queue" : 845172,
      "util" : 98.256615
    }
  ]
}
