{
  "fio version" : "fio-2.14",
  "timestamp" : 1608563009,
  "timestamp_ms" : 1608563009255,
  "time" : "Mon Dec 21 15:03:29 2020",
  "jobs" : [
    {
      "jobname" : "32kb_16threads",
      "groupid" : 0,
      "error" : 0,
      "eta" : 0,
      "elapsed" : 11,
      "job options" : {
        "direct" : "1",
        "ioengine" : "libaio",
        "iodepth" : "16",
        "rw" : "randwrite",
        "bs" : "32k",
        "size" : "1G",
        "numjobs" : "16",
        "time_based" : "1",
        "runtime" : "10",
        "norandommap" : "1",
        "group_reporting" : "1",
        "filename" : "/dev/nvme1n1"
      },
      "read" : {
        "io_bytes" : 0,
        "bw" : 0,
        "iops" : 0.000000,
        "runtime" : 0,
        "total_ios" : 0,
        "short_ios" : 0,
        "drop_ios" : 0,
        "slat" : {
          "min" : 0,
          "max" : 0,
          "mean" : 0.000000,
          "stddev" : 0.000000
        },
        "clat" : {
          "min" : 0,
          "max" : 0,
          "mean" : 0.000000,
          "stddev" : 0.000000,
          "percentile" : {
            "1.000000" : 0,
            "5.000000" : 0,
            "10.000000" : 0,
            "20.000000" : 0,
            "30.000000" : 0,
            "40.000000" : 0,
            "50.000000" : 0,
            "60.000000" : 0,
            "70.000000" : 0,
            "80.000000" : 0,
            "90.000000" : 0,
            "95.000000" : 0,
            "99.000000" : 0,
            "99.500000" : 0,
            "99.900000" : 0,
            "99.950000" : 0,
            "99.990000" : 0,
            "0.00" : 0,
            "0.00" : 0,
            "0.00" : 0
          }
        },
        "lat" : {
          "min" : 0,
          "max" : 0,
          "mean" : 0.000000,
          "stddev" : 0.000000
        },
        "bw_min" : 0,
        "bw_max" : 0,
        "bw_agg" : 0.000000,
        "bw_mean" : 0.000000,
        "bw_dev" : 0.000000
      },
      "write" : {
        "io_bytes" : 1328512,
        "bw" : 132374,
        "iops" : 4136.708008,
        "runtime" : 10036,
        "total_ios" : 41516,
        "short_ios" : 0,
        "drop_ios" : 0,
        "slat" : {
          "min" : 3,
          "max" : 134186,
          "mean" : 3254.280762,
          "stddev" : 9714.275391
        },
        "clat" : {
          "min" : 589,
          "max" : 310705,
          "mean" : 58536.140625,
          "stddev" : 35721.445312,
          "percentile" : {
            "1.000000" : 4384,
            "5.000000" : 23168,
            "10.000000" : 25472,
            "20.000000" : 27520,
            "30.000000" : 35584,
            "40.000000" : 40704,
            "50.000000" : 49408,
            "60.000000" : 59136,
            "70.000000" : 70144,
            "80.000000" : 84480,
            "90.000000" : 105984,
            "95.000000" : 126464,
            "99.000000" : 177152,
            "99.500000" : 197632,
            "99.900000" : 230400,
            "99.950000" : 246784,
            "99.990000" : 259072,
            "0.00" : 0,
            "0.00" : 0,
            "0.00" : 0
          }
        },
        "lat" : {
          "min" : 596,
          "max" : 310710,
          "mean" : 61790.566406,
          "stddev" : 37633.167969
        },
        "bw_min" : 0,
        "bw_max" : 0,
        "bw_agg" : 0.000000,
        "bw_mean" : 0.000000,
        "bw_dev" : 0.000000
      },
      "trim" : {
        "io_bytes" : 0,
        "bw" : 0,
        "iops" : 0.000000,
        "runtime" : 0,
        "total_ios" : 0,
        "short_ios" : 0,
        "drop_ios" : 0,
        "slat" : {
          "min" : 0,
          "max" : 0,
          "mean" : 0.000000,
          "stddev" : 0.000000
        },
        "clat" : {
          "min" : 0,
          "max" : 0,
          "mean" : 0.000000,
          "stddev" : 0.000000,
          "percentile" : {
            "1.000000" : 0,
            "5.000000" : 0,
            "10.000000" : 0,
            "20.000000" : 0,
            "30.000000" : 0,
            "40.000000" : 0,
            "50.000000" : 0,
            "60.000000" : 0,
            "70.000000" : 0,
            "80.000000" : 0,
            "90.000000" : 0,
            "95.000000" : 0,
            "99.000000" : 0,
            "99.500000" : 0,
            "99.900000" : 0,
            "99.950000" : 0,
            "99.990000" : 0,
            "0.00" : 0,
            "0.00" : 0,
            "0.00" : 0
          }
        },
        "lat" : {
          "min" : 0,
          "max" : 0,
          "mean" : 0.000000,
          "stddev" : 0.000000
        },
        "bw_min" : 0,
        "bw_max" : 0,
        "bw_agg" : 0.000000,
        "bw_mean" : 0.000000,
        "bw_dev" : 0.000000
      },
      "usr_cpu" : 0.081027,
      "sys_cpu" : 0.155198,
      "ctx" : 21635,
      "majf" : 0,
      "minf" : 171,
      "iodepth_level" : {
        "1" : 0.100000,
        "2" : 0.100000,
        "4" : 0.154157,
        "8" : 0.308315,
        "16" : 99.421913,
        "32" : 0.000000,
        ">=64" : 0.000000
      },
      "latency_us" : {
        "2" : 0.000000,
        "4" : 0.000000,
        "10" : 0.000000,
        "20" : 0.000000,
        "50" : 0.000000,
        "100" : 0.000000,
        "250" : 0.000000,
        "500" : 0.000000,
        "750" : 0.010000,
        "1000" : 0.024087
      },
      "latency_ms" : {
        "2" : 0.065035,
        "4" : 0.720204,
        "10" : 2.044995,
        "20" : 0.915310,
        "50" : 46.936123,
        "100" : 36.687061,
        "250" : 12.556604,
        "500" : 0.043357,
        "750" : 0.000000,
        "1000" : 0.000000,
        "2000" : 0.000000,
        ">=2000" : 0.000000
      },
      "latency_depth" : 16,
      "latency_target" : 0,
      "latency_percentile" : 100.000000,
      "latency_window" : 0
    }
  ],
  "disk_util" : [
    {
      "name" : "nvme1n1",
      "read_ios" : 78,
      "write_ios" : 40962,
      "read_merges" : 0,
      "write_merges" : 0,
      "read_ticks" : 432,
      "write_ticks" : 1206632,
      "in_queue" : 1199148,
      "util" : 98.989700
    }
  ]
}
