{
  "fio version" : "fio-2.14",
  "timestamp" : 1608563061,
  "timestamp_ms" : 1608563061584,
  "time" : "Mon Dec 21 15:04:21 2020",
  "jobs" : [
    {
      "jobname" : "8kb_16threads",
      "groupid" : 0,
      "error" : 0,
      "eta" : 0,
      "elapsed" : 11,
      "job options" : {
        "direct" : "1",
        "ioengine" : "libaio",
        "iodepth" : "16",
        "rw" : "randwrite",
        "bs" : "8k",
        "size" : "1G",
        "numjobs" : "16",
        "time_based" : "1",
        "runtime" : "10",
        "norandommap" : "1",
        "group_reporting" : "1",
        "filename" : "/dev/md0"
      },
      "read" : {
        "io_bytes" : 0,
        "bw" : 0,
        "iops" : 0.000000,
        "runtime" : 0,
        "total_ios" : 0,
        "short_ios" : 0,
        "drop_ios" : 0,
        "slat" : {
          "min" : 0,
          "max" : 0,
          "mean" : 0.000000,
          "stddev" : 0.000000
        },
        "clat" : {
          "min" : 0,
          "max" : 0,
          "mean" : 0.000000,
          "stddev" : 0.000000,
          "percentile" : {
            "1.000000" : 0,
            "5.000000" : 0,
            "10.000000" : 0,
            "20.000000" : 0,
            "30.000000" : 0,
            "40.000000" : 0,
            "50.000000" : 0,
            "60.000000" : 0,
            "70.000000" : 0,
            "80.000000" : 0,
            "90.000000" : 0,
            "95.000000" : 0,
            "99.000000" : 0,
            "99.500000" : 0,
            "99.900000" : 0,
            "99.950000" : 0,
            "99.990000" : 0,
            "0.00" : 0,
            "0.00" : 0,
            "0.00" : 0
          }
        },
        "lat" : {
          "min" : 0,
          "max" : 0,
          "mean" : 0.000000,
          "stddev" : 0.000000
        },
        "bw_min" : 0,
        "bw_max" : 0,
        "bw_agg" : 0.000000,
        "bw_mean" : 0.000000,
        "bw_dev" : 0.000000
      },
      "write" : {
        "io_bytes" : 664208,
        "bw" : 66182,
        "iops" : 8272.817383,
        "runtime" : 10036,
        "total_ios" : 83026,
        "short_ios" : 0,
        "drop_ios" : 0,
        "slat" : {
          "min" : 2,
          "max" : 116464,
          "mean" : 1169.328857,
          "stddev" : 5530.332520
        },
        "clat" : {
          "min" : 514,
          "max" : 171128,
          "mean" : 29750.126953,
          "stddev" : 20577.779297,
          "percentile" : {
            "1.000000" : 732,
            "5.000000" : 1608,
            "10.000000" : 3632,
            "20.000000" : 13504,
            "30.000000" : 19584,
            "40.000000" : 23168,
            "50.000000" : 26240,
            "60.000000" : 30848,
            "70.000000" : 37120,
            "80.000000" : 42240,
            "90.000000" : 55552,
            "95.000000" : 68096,
            "99.000000" : 96768,
            "99.500000" : 110080,
            "99.900000" : 132096,
            "99.950000" : 140288,
            "99.990000" : 160768,
            "0.00" : 0,
            "0.00" : 0,
            "0.00" : 0
          }
        },
        "lat" : {
          "min" : 518,
          "max" : 197746,
          "mean" : 30919.580078,
          "stddev" : 21936.636719
        },
        "bw_min" : 0,
        "bw_max" : 0,
        "bw_agg" : 0.000000,
        "bw_mean" : 0.000000,
        "bw_dev" : 0.000000
      },
      "trim" : {
        "io_bytes" : 0,
        "bw" : 0,
        "iops" : 0.000000,
        "runtime" : 0,
        "total_ios" : 0,
        "short_ios" : 0,
        "drop_ios" : 0,
        "slat" : {
          "min" : 0,
          "max" : 0,
          "mean" : 0.000000,
          "stddev" : 0.000000
        },
        "clat" : {
          "min" : 0,
          "max" : 0,
          "mean" : 0.000000,
          "stddev" : 0.000000,
          "percentile" : {
            "1.000000" : 0,
            "5.000000" : 0,
            "10.000000" : 0,
            "20.000000" : 0,
            "30.000000" : 0,
            "40.000000" : 0,
            "50.000000" : 0,
            "60.000000" : 0,
            "70.000000" : 0,
            "80.000000" : 0,
            "90.000000" : 0,
            "95.000000" : 0,
            "99.000000" : 0,
            "99.500000" : 0,
            "99.900000" : 0,
            "99.950000" : 0,
            "99.990000" : 0,
            "0.00" : 0,
            "0.00" : 0,
            "0.00" : 0
          }
        },
        "lat" : {
          "min" : 0,
          "max" : 0,
          "mean" : 0.000000,
          "stddev" : 0.000000
        },
        "bw_min" : 0,
        "bw_max" : 0,
        "bw_agg" : 0.000000,
        "bw_mean" : 0.000000,
        "bw_dev" : 0.000000
      },
      "usr_cpu" : 0.101571,
      "sys_cpu" : 0.335246,
      "ctx" : 50839,
      "majf" : 0,
      "minf" : 162,
      "iodepth_level" : {
        "1" : 0.100000,
        "2" : 0.100000,
        "4" : 0.100000,
        "8" : 0.154169,
        "16" : 99.710938,
        "32" : 0.000000,
        ">=64" : 0.000000
      },
      "latency_us" : {
        "2" : 0.000000,
        "4" : 0.000000,
        "10" : 0.000000,
        "20" : 0.000000,
        "50" : 0.000000,
        "100" : 0.000000,
        "250" : 0.000000,
        "500" : 0.000000,
        "750" : 1.074362,
        "1000" : 1.203238
      },
      "latency_ms" : {
        "2" : 3.808445,
        "4" : 4.529906,
        "10" : 5.591020,
        "20" : 15.085636,
        "50" : 54.669621,
        "100" : 13.197071,
        "250" : 0.840701,
        "500" : 0.000000,
        "750" : 0.000000,
        "1000" : 0.000000,
        "2000" : 0.000000,
        ">=2000" : 0.000000
      },
      "latency_depth" : 16,
      "latency_target" : 0,
      "latency_percentile" : 100.000000,
      "latency_window" : 0
    }
  ],
  "disk_util" : [
    {
      "name" : "md0",
      "read_ios" : 78,
      "write_ios" : 82218,
      "read_merges" : 0,
      "write_merges" : 0,
      "read_ticks" : 0,
      "write_ticks" : 0,
      "in_queue" : 0,
      "util" : 0.000000,
      "aggr_read_ios" : 59,
      "aggr_write_ios" : 41513,
      "aggr_read_merges" : 0,
      "aggr_write_merge" : 0,
      "aggr_read_ticks" : 134,
      "aggr_write_ticks" : 860198,
      "aggr_in_queue" : 852642,
      "aggr_util" : 98.351646
    },
    {
      "name" : "nvme3n1",
      "read_ios" : 74,
      "write_ios" : 41467,
      "read_merges" : 0,
      "write_merges" : 0,
      "read_ticks" : 184,
      "write_ticks" : 869688,
      "in_queue" : 861812,
      "util" : 97.566719
    },
    {
      "name" : "nvme2n1",
      "read_ios" : 44,
      "write_ios" : 41559,
      "read_merges" : 0,
      "write_merges" : 0,
      "read_ticks" : 84,
      "write_ticks" : 850708,
      "in_queue" : 843472,
      "util" : 98.351646
    }
  ]
}
