{
  "fio version" : "fio-2.14",
  "timestamp" : 1608563238,
  "timestamp_ms" : 1608563238990,
  "time" : "Mon Dec 21 15:07:18 2020",
  "jobs" : [
    {
      "jobname" : "64kb_16threads",
      "groupid" : 0,
      "error" : 0,
      "eta" : 0,
      "elapsed" : 11,
      "job options" : {
        "direct" : "1",
        "ioengine" : "libaio",
        "iodepth" : "16",
        "rw" : "randwrite",
        "bs" : "64k",
        "size" : "1G",
        "numjobs" : "16",
        "time_based" : "1",
        "runtime" : "10",
        "norandommap" : "1",
        "group_reporting" : "1",
        "filename" : "/dev/nvme5n1"
      },
      "read" : {
        "io_bytes" : 0,
        "bw" : 0,
        "iops" : 0.000000,
        "runtime" : 0,
        "total_ios" : 0,
        "short_ios" : 0,
        "drop_ios" : 0,
        "slat" : {
          "min" : 0,
          "max" : 0,
          "mean" : 0.000000,
          "stddev" : 0.000000
        },
        "clat" : {
          "min" : 0,
          "max" : 0,
          "mean" : 0.000000,
          "stddev" : 0.000000,
          "percentile" : {
            "1.000000" : 0,
            "5.000000" : 0,
            "10.000000" : 0,
            "20.000000" : 0,
            "30.000000" : 0,
            "40.000000" : 0,
            "50.000000" : 0,
            "60.000000" : 0,
            "70.000000" : 0,
            "80.000000" : 0,
            "90.000000" : 0,
            "95.000000" : 0,
            "99.000000" : 0,
            "99.500000" : 0,
            "99.900000" : 0,
            "99.950000" : 0,
            "99.990000" : 0,
            "0.00" : 0,
            "0.00" : 0,
            "0.00" : 0
          }
        },
        "lat" : {
          "min" : 0,
          "max" : 0,
          "mean" : 0.000000,
          "stddev" : 0.000000
        },
        "bw_min" : 0,
        "bw_max" : 0,
        "bw_agg" : 0.000000,
        "bw_mean" : 0.000000,
        "bw_dev" : 0.000000
      },
      "write" : {
        "io_bytes" : 10726592,
        "bw" : 1071266,
        "iops" : 16738.539062,
        "runtime" : 10013,
        "total_ios" : 167603,
        "short_ios" : 0,
        "drop_ios" : 0,
        "slat" : {
          "min" : 4,
          "max" : 37176,
          "mean" : 803.547424,
          "stddev" : 2535.922607
        },
        "clat" : {
          "min" : 689,
          "max" : 80231,
          "mean" : 14472.108398,
          "stddev" : 9366.912109,
          "percentile" : {
            "1.000000" : 2672,
            "5.000000" : 3536,
            "10.000000" : 4576,
            "20.000000" : 6432,
            "30.000000" : 8256,
            "40.000000" : 10048,
            "50.000000" : 12224,
            "60.000000" : 14656,
            "70.000000" : 17536,
            "80.000000" : 21632,
            "90.000000" : 27520,
            "95.000000" : 33024,
            "99.000000" : 43776,
            "99.500000" : 47872,
            "99.900000" : 56576,
            "99.950000" : 60160,
            "99.990000" : 71168,
            "0.00" : 0,
            "0.00" : 0,
            "0.00" : 0
          }
        },
        "lat" : {
          "min" : 699,
          "max" : 87511,
          "mean" : 15275.807617,
          "stddev" : 9780.705078
        },
        "bw_min" : 0,
        "bw_max" : 0,
        "bw_agg" : 0.000000,
        "bw_mean" : 0.000000,
        "bw_dev" : 0.000000
      },
      "trim" : {
        "io_bytes" : 0,
        "bw" : 0,
        "iops" : 0.000000,
        "runtime" : 0,
        "total_ios" : 0,
        "short_ios" : 0,
        "drop_ios" : 0,
        "slat" : {
          "min" : 0,
          "max" : 0,
          "mean" : 0.000000,
          "stddev" : 0.000000
        },
        "clat" : {
          "min" : 0,
          "max" : 0,
          "mean" : 0.000000,
          "stddev" : 0.000000,
          "percentile" : {
            "1.000000" : 0,
            "5.000000" : 0,
            "10.000000" : 0,
            "20.000000" : 0,
            "30.000000" : 0,
            "40.000000" : 0,
            "50.000000" : 0,
            "60.000000" : 0,
            "70.000000" : 0,
            "80.000000" : 0,
            "90.000000" : 0,
            "95.000000" : 0,
            "99.000000" : 0,
            "99.500000" : 0,
            "99.900000" : 0,
            "99.950000" : 0,
            "99.990000" : 0,
            "0.00" : 0,
            "0.00" : 0,
            "0.00" : 0
          }
        },
        "lat" : {
          "min" : 0,
          "max" : 0,
          "mean" : 0.000000,
          "stddev" : 0.000000
        },
        "bw_min" : 0,
        "bw_max" : 0,
        "bw_agg" : 0.000000,
        "bw_mean" : 0.000000,
        "bw_dev" : 0.000000
      },
      "usr_cpu" : 0.367824,
      "sys_cpu" : 0.769370,
      "ctx" : 80634,
      "majf" : 0,
      "minf" : 162,
      "iodepth_level" : {
        "1" : 0.100000,
        "2" : 0.100000,
        "4" : 0.100000,
        "8" : 0.100000,
        "16" : 99.856804,
        "32" : 0.000000,
        ">=64" : 0.000000
      },
      "latency_us" : {
        "2" : 0.000000,
        "4" : 0.000000,
        "10" : 0.000000,
        "20" : 0.000000,
        "50" : 0.000000,
        "100" : 0.000000,
        "250" : 0.000000,
        "500" : 0.000000,
        "750" : 0.010000,
        "1000" : 0.010000
      },
      "latency_ms" : {
        "2" : 0.087111,
        "4" : 7.190206,
        "10" : 32.192146,
        "20" : 36.970699,
        "50" : 23.219154,
        "100" : 0.329350,
        "250" : 0.000000,
        "500" : 0.000000,
        "750" : 0.000000,
        "1000" : 0.000000,
        "2000" : 0.000000,
        ">=2000" : 0.000000
      },
      "latency_depth" : 16,
      "latency_target" : 0,
      "latency_percentile" : 100.000000,
      "latency_window" : 0
    }
  ],
  "disk_util" : [
    {
      "name" : "nvme5n1",
      "read_ios" : 80,
      "write_ios" : 165739,
      "read_merges" : 0,
      "write_merges" : 0,
      "read_ticks" : 212,
      "write_ticks" : 1183540,
      "in_queue" : 1179652,
      "util" : 99.069717
    }
  ]
}
