{
  "fio version" : "fio-2.14",
  "timestamp" : 1608562977,
  "timestamp_ms" : 1608562977968,
  "time" : "Mon Dec 21 15:02:57 2020",
  "jobs" : [
    {
      "jobname" : "4kb_16threads",
      "groupid" : 0,
      "error" : 0,
      "eta" : 0,
      "elapsed" : 11,
      "job options" : {
        "direct" : "1",
        "ioengine" : "libaio",
        "iodepth" : "16",
        "rw" : "randwrite",
        "bs" : "4k",
        "size" : "1G",
        "numjobs" : "16",
        "time_based" : "1",
        "runtime" : "10",
        "norandommap" : "1",
        "group_reporting" : "1",
        "filename" : "/dev/nvme1n1"
      },
      "read" : {
        "io_bytes" : 0,
        "bw" : 0,
        "iops" : 0.000000,
        "runtime" : 0,
        "total_ios" : 0,
        "short_ios" : 0,
        "drop_ios" : 0,
        "slat" : {
          "min" : 0,
          "max" : 0,
          "mean" : 0.000000,
          "stddev" : 0.000000
        },
        "clat" : {
          "min" : 0,
          "max" : 0,
          "mean" : 0.000000,
          "stddev" : 0.000000,
          "percentile" : {
            "1.000000" : 0,
            "5.000000" : 0,
            "10.000000" : 0,
            "20.000000" : 0,
            "30.000000" : 0,
            "40.000000" : 0,
            "50.000000" : 0,
            "60.000000" : 0,
            "70.000000" : 0,
            "80.000000" : 0,
            "90.000000" : 0,
            "95.000000" : 0,
            "99.000000" : 0,
            "99.500000" : 0,
            "99.900000" : 0,
            "99.950000" : 0,
            "99.990000" : 0,
            "0.00" : 0,
            "0.00" : 0,
            "0.00" : 0
          }
        },
        "lat" : {
          "min" : 0,
          "max" : 0,
          "mean" : 0.000000,
          "stddev" : 0.000000
        },
        "bw_min" : 0,
        "bw_max" : 0,
        "bw_agg" : 0.000000,
        "bw_mean" : 0.000000,
        "bw_dev" : 0.000000
      },
      "write" : {
        "io_bytes" : 176416,
        "bw" : 17578,
        "iops" : 4394.579590,
        "runtime" : 10036,
        "total_ios" : 44104,
        "short_ios" : 0,
        "drop_ios" : 0,
        "slat" : {
          "min" : 1,
          "max" : 159064,
          "mean" : 3098.567871,
          "stddev" : 9463.938477
        },
        "clat" : {
          "min" : 523,
          "max" : 300599,
          "mean" : 55094.664062,
          "stddev" : 36080.046875,
          "percentile" : {
            "1.000000" : 2768,
            "5.000000" : 6752,
            "10.000000" : 17280,
            "20.000000" : 26240,
            "30.000000" : 30848,
            "40.000000" : 38656,
            "50.000000" : 46848,
            "60.000000" : 57088,
            "70.000000" : 68096,
            "80.000000" : 82432,
            "90.000000" : 104960,
            "95.000000" : 124416,
            "99.000000" : 164864,
            "99.500000" : 181248,
            "99.900000" : 218112,
            "99.950000" : 224256,
            "99.990000" : 261120,
            "0.00" : 0,
            "0.00" : 0,
            "0.00" : 0
          }
        },
        "lat" : {
          "min" : 529,
          "max" : 311344,
          "mean" : 58193.367188,
          "stddev" : 38012.449219
        },
        "bw_min" : 0,
        "bw_max" : 0,
        "bw_agg" : 0.000000,
        "bw_mean" : 0.000000,
        "bw_dev" : 0.000000
      },
      "trim" : {
        "io_bytes" : 0,
        "bw" : 0,
        "iops" : 0.000000,
        "runtime" : 0,
        "total_ios" : 0,
        "short_ios" : 0,
        "drop_ios" : 0,
        "slat" : {
          "min" : 0,
          "max" : 0,
          "mean" : 0.000000,
          "stddev" : 0.000000
        },
        "clat" : {
          "min" : 0,
          "max" : 0,
          "mean" : 0.000000,
          "stddev" : 0.000000,
          "percentile" : {
            "1.000000" : 0,
            "5.000000" : 0,
            "10.000000" : 0,
            "20.000000" : 0,
            "30.000000" : 0,
            "40.000000" : 0,
            "50.000000" : 0,
            "60.000000" : 0,
            "70.000000" : 0,
            "80.000000" : 0,
            "90.000000" : 0,
            "95.000000" : 0,
            "99.000000" : 0,
            "99.500000" : 0,
            "99.900000" : 0,
            "99.950000" : 0,
            "99.990000" : 0,
            "0.00" : 0,
            "0.00" : 0,
            "0.00" : 0
          }
        },
        "lat" : {
          "min" : 0,
          "max" : 0,
          "mean" : 0.000000,
          "stddev" : 0.000000
        },
        "bw_min" : 0,
        "bw_max" : 0,
        "bw_agg" : 0.000000,
        "bw_mean" : 0.000000,
        "bw_dev" : 0.000000
      },
      "usr_cpu" : 0.044864,
      "sys_cpu" : 0.163878,
      "ctx" : 22410,
      "majf" : 0,
      "minf" : 147,
      "iodepth_level" : {
        "1" : 0.100000,
        "2" : 0.100000,
        "4" : 0.145112,
        "8" : 0.290223,
        "16" : 99.455833,
        "32" : 0.000000,
        ">=64" : 0.000000
      },
      "latency_us" : {
        "2" : 0.000000,
        "4" : 0.000000,
        "10" : 0.000000,
        "20" : 0.000000,
        "50" : 0.000000,
        "100" : 0.000000,
        "250" : 0.000000,
        "500" : 0.000000,
        "750" : 0.027208,
        "1000" : 0.043080
      },
      "latency_ms" : {
        "2" : 0.353709,
        "4" : 1.720932,
        "10" : 5.935969,
        "20" : 2.135861,
        "50" : 43.070923,
        "100" : 34.969616,
        "250" : 11.724560,
        "500" : 0.018139,
        "750" : 0.000000,
        "1000" : 0.000000,
        "2000" : 0.000000,
        ">=2000" : 0.000000
      },
      "latency_depth" : 16,
      "latency_target" : 0,
      "latency_percentile" : 100.000000,
      "latency_window" : 0
    }
  ],
  "disk_util" : [
    {
      "name" : "nvme1n1",
      "read_ios" : 38,
      "write_ios" : 43548,
      "read_merges" : 0,
      "write_merges" : 0,
      "read_ticks" : 96,
      "write_ticks" : 1204200,
      "in_queue" : 1196948,
      "util" : 98.989700
    }
  ]
}
