{
  "fio version" : "fio-2.14",
  "timestamp" : 1608563082,
  "timestamp_ms" : 1608563082491,
  "time" : "Mon Dec 21 15:04:42 2020",
  "jobs" : [
    {
      "jobname" : "32kb_16threads",
      "groupid" : 0,
      "error" : 0,
      "eta" : 0,
      "elapsed" : 11,
      "job options" : {
        "direct" : "1",
        "ioengine" : "libaio",
        "iodepth" : "16",
        "rw" : "randwrite",
        "bs" : "32k",
        "size" : "1G",
        "numjobs" : "16",
        "time_based" : "1",
        "runtime" : "10",
        "norandommap" : "1",
        "group_reporting" : "1",
        "filename" : "/dev/md0"
      },
      "read" : {
        "io_bytes" : 0,
        "bw" : 0,
        "iops" : 0.000000,
        "runtime" : 0,
        "total_ios" : 0,
        "short_ios" : 0,
        "drop_ios" : 0,
        "slat" : {
          "min" : 0,
          "max" : 0,
          "mean" : 0.000000,
          "stddev" : 0.000000
        },
        "clat" : {
          "min" : 0,
          "max" : 0,
          "mean" : 0.000000,
          "stddev" : 0.000000,
          "percentile" : {
            "1.000000" : 0,
            "5.000000" : 0,
            "10.000000" : 0,
            "20.000000" : 0,
            "30.000000" : 0,
            "40.000000" : 0,
            "50.000000" : 0,
            "60.000000" : 0,
            "70.000000" : 0,
            "80.000000" : 0,
            "90.000000" : 0,
            "95.000000" : 0,
            "99.000000" : 0,
            "99.500000" : 0,
            "99.900000" : 0,
            "99.950000" : 0,
            "99.990000" : 0,
            "0.00" : 0,
            "0.00" : 0,
            "0.00" : 0
          }
        },
        "lat" : {
          "min" : 0,
          "max" : 0,
          "mean" : 0.000000,
          "stddev" : 0.000000
        },
        "bw_min" : 0,
        "bw_max" : 0,
        "bw_agg" : 0.000000,
        "bw_mean" : 0.000000,
        "bw_dev" : 0.000000
      },
      "write" : {
        "io_bytes" : 2665728,
        "bw" : 265643,
        "iops" : 8301.345703,
        "runtime" : 10035,
        "total_ios" : 83304,
        "short_ios" : 0,
        "drop_ios" : 0,
        "slat" : {
          "min" : 3,
          "max" : 129714,
          "mean" : 1586.300781,
          "stddev" : 7033.998047
        },
        "clat" : {
          "min" : 518,
          "max" : 185085,
          "mean" : 29220.765625,
          "stddev" : 28071.964844,
          "percentile" : {
            "1.000000" : 620,
            "5.000000" : 844,
            "10.000000" : 1128,
            "20.000000" : 2024,
            "30.000000" : 3856,
            "40.000000" : 15808,
            "50.000000" : 25728,
            "60.000000" : 32128,
            "70.000000" : 39680,
            "80.000000" : 50432,
            "90.000000" : 67072,
            "95.000000" : 83456,
            "99.000000" : 115200,
            "99.500000" : 128512,
            "99.900000" : 156672,
            "99.950000" : 162816,
            "99.990000" : 177152,
            "0.00" : 0,
            "0.00" : 0,
            "0.00" : 0
          }
        },
        "lat" : {
          "min" : 525,
          "max" : 215672,
          "mean" : 30807.191406,
          "stddev" : 29943.158203
        },
        "bw_min" : 0,
        "bw_max" : 0,
        "bw_agg" : 0.000000,
        "bw_mean" : 0.000000,
        "bw_dev" : 0.000000
      },
      "trim" : {
        "io_bytes" : 0,
        "bw" : 0,
        "iops" : 0.000000,
        "runtime" : 0,
        "total_ios" : 0,
        "short_ios" : 0,
        "drop_ios" : 0,
        "slat" : {
          "min" : 0,
          "max" : 0,
          "mean" : 0.000000,
          "stddev" : 0.000000
        },
        "clat" : {
          "min" : 0,
          "max" : 0,
          "mean" : 0.000000,
          "stddev" : 0.000000,
          "percentile" : {
            "1.000000" : 0,
            "5.000000" : 0,
            "10.000000" : 0,
            "20.000000" : 0,
            "30.000000" : 0,
            "40.000000" : 0,
            "50.000000" : 0,
            "60.000000" : 0,
            "70.000000" : 0,
            "80.000000" : 0,
            "90.000000" : 0,
            "95.000000" : 0,
            "99.000000" : 0,
            "99.500000" : 0,
            "99.900000" : 0,
            "99.950000" : 0,
            "99.990000" : 0,
            "0.00" : 0,
            "0.00" : 0,
            "0.00" : 0
          }
        },
        "lat" : {
          "min" : 0,
          "max" : 0,
          "mean" : 0.000000,
          "stddev" : 0.000000
        },
        "bw_min" : 0,
        "bw_max" : 0,
        "bw_agg" : 0.000000,
        "bw_mean" : 0.000000,
        "bw_dev" : 0.000000
      },
      "usr_cpu" : 0.149577,
      "sys_cpu" : 0.345275,
      "ctx" : 45463,
      "majf" : 0,
      "minf" : 162,
      "iodepth_level" : {
        "1" : 0.100000,
        "2" : 0.100000,
        "4" : 0.100000,
        "8" : 0.153654,
        "16" : 99.711899,
        "32" : 0.000000,
        ">=64" : 0.000000
      },
      "latency_us" : {
        "2" : 0.000000,
        "4" : 0.000000,
        "10" : 0.000000,
        "20" : 0.000000,
        "50" : 0.000000,
        "100" : 0.000000,
        "250" : 0.000000,
        "500" : 0.000000,
        "750" : 3.239940,
        "1000" : 4.514789
      },
      "latency_ms" : {
        "2" : 12.115865,
        "4" : 10.518103,
        "10" : 6.713964,
        "20" : 4.882119,
        "50" : 37.507202,
        "100" : 18.292038,
        "250" : 2.215980,
        "500" : 0.000000,
        "750" : 0.000000,
        "1000" : 0.000000,
        "2000" : 0.000000,
        ">=2000" : 0.000000
      },
      "latency_depth" : 16,
      "latency_target" : 0,
      "latency_percentile" : 100.000000,
      "latency_window" : 0
    }
  ],
  "disk_util" : [
    {
      "name" : "md0",
      "read_ios" : 79,
      "write_ios" : 82424,
      "read_merges" : 0,
      "write_merges" : 0,
      "read_ticks" : 0,
      "write_ticks" : 0,
      "in_queue" : 0,
      "util" : 0.000000,
      "aggr_read_ios" : 61,
      "aggr_write_ios" : 41652,
      "aggr_read_merges" : 0,
      "aggr_write_merge" : 0,
      "aggr_read_ticks" : 144,
      "aggr_write_ticks" : 645462,
      "aggr_in_queue" : 637870,
      "aggr_util" : 98.489311
    },
    {
      "name" : "nvme3n1",
      "read_ios" : 79,
      "write_ios" : 41633,
      "read_merges" : 0,
      "write_merges" : 0,
      "read_ticks" : 188,
      "write_ticks" : 86992,
      "in_queue" : 79480,
      "util" : 96.134979
    },
    {
      "name" : "nvme2n1",
      "read_ios" : 44,
      "write_ios" : 41671,
      "read_merges" : 0,
      "write_merges" : 0,
      "read_ticks" : 100,
      "write_ticks" : 1203932,
      "in_queue" : 1196260,
      "util" : 98.489311
    }
  ]
}
