{
  "fio version" : "fio-2.14",
  "timestamp" : 1608563155,
  "timestamp_ms" : 1608563155553,
  "time" : "Mon Dec 21 15:05:55 2020",
  "jobs" : [
    {
      "jobname" : "32kb_16threads",
      "groupid" : 0,
      "error" : 0,
      "eta" : 0,
      "elapsed" : 11,
      "job options" : {
        "direct" : "1",
        "ioengine" : "libaio",
        "iodepth" : "16",
        "rw" : "randwrite",
        "bs" : "32k",
        "size" : "1G",
        "numjobs" : "16",
        "time_based" : "1",
        "runtime" : "10",
        "norandommap" : "1",
        "group_reporting" : "1",
        "filename" : "/dev/nvme4n1"
      },
      "read" : {
        "io_bytes" : 0,
        "bw" : 0,
        "iops" : 0.000000,
        "runtime" : 0,
        "total_ios" : 0,
        "short_ios" : 0,
        "drop_ios" : 0,
        "slat" : {
          "min" : 0,
          "max" : 0,
          "mean" : 0.000000,
          "stddev" : 0.000000
        },
        "clat" : {
          "min" : 0,
          "max" : 0,
          "mean" : 0.000000,
          "stddev" : 0.000000,
          "percentile" : {
            "1.000000" : 0,
            "5.000000" : 0,
            "10.000000" : 0,
            "20.000000" : 0,
            "30.000000" : 0,
            "40.000000" : 0,
            "50.000000" : 0,
            "60.000000" : 0,
            "70.000000" : 0,
            "80.000000" : 0,
            "90.000000" : 0,
            "95.000000" : 0,
            "99.000000" : 0,
            "99.500000" : 0,
            "99.900000" : 0,
            "99.950000" : 0,
            "99.990000" : 0,
            "0.00" : 0,
            "0.00" : 0,
            "0.00" : 0
          }
        },
        "lat" : {
          "min" : 0,
          "max" : 0,
          "mean" : 0.000000,
          "stddev" : 0.000000
        },
        "bw_min" : 0,
        "bw_max" : 0,
        "bw_agg" : 0.000000,
        "bw_mean" : 0.000000,
        "bw_dev" : 0.000000
      },
      "write" : {
        "io_bytes" : 5365856,
        "bw" : 535728,
        "iops" : 16741.513672,
        "runtime" : 10016,
        "total_ios" : 167683,
        "short_ios" : 0,
        "drop_ios" : 0,
        "slat" : {
          "min" : 2,
          "max" : 50275,
          "mean" : 776.805237,
          "stddev" : 2615.155518
        },
        "clat" : {
          "min" : 228,
          "max" : 89385,
          "mean" : 14500.826172,
          "stddev" : 9719.489258,
          "percentile" : {
            "1.000000" : 652,
            "5.000000" : 5600,
            "10.000000" : 7072,
            "20.000000" : 7328,
            "30.000000" : 7584,
            "40.000000" : 8896,
            "50.000000" : 10944,
            "60.000000" : 14144,
            "70.000000" : 17536,
            "80.000000" : 21632,
            "90.000000" : 28288,
            "95.000000" : 34048,
            "99.000000" : 45824,
            "99.500000" : 50944,
            "99.900000" : 61184,
            "99.950000" : 66048,
            "99.990000" : 74240,
            "0.00" : 0,
            "0.00" : 0,
            "0.00" : 0
          }
        },
        "lat" : {
          "min" : 354,
          "max" : 91084,
          "mean" : 15277.759766,
          "stddev" : 10222.144531
        },
        "bw_min" : 0,
        "bw_max" : 0,
        "bw_agg" : 0.000000,
        "bw_mean" : 0.000000,
        "bw_dev" : 0.000000
      },
      "trim" : {
        "io_bytes" : 0,
        "bw" : 0,
        "iops" : 0.000000,
        "runtime" : 0,
        "total_ios" : 0,
        "short_ios" : 0,
        "drop_ios" : 0,
        "slat" : {
          "min" : 0,
          "max" : 0,
          "mean" : 0.000000,
          "stddev" : 0.000000
        },
        "clat" : {
          "min" : 0,
          "max" : 0,
          "mean" : 0.000000,
          "stddev" : 0.000000,
          "percentile" : {
            "1.000000" : 0,
            "5.000000" : 0,
            "10.000000" : 0,
            "20.000000" : 0,
            "30.000000" : 0,
            "40.000000" : 0,
            "50.000000" : 0,
            "60.000000" : 0,
            "70.000000" : 0,
            "80.000000" : 0,
            "90.000000" : 0,
            "95.000000" : 0,
            "99.000000" : 0,
            "99.500000" : 0,
            "99.900000" : 0,
            "99.950000" : 0,
            "99.990000" : 0,
            "0.00" : 0,
            "0.00" : 0,
            "0.00" : 0
          }
        },
        "lat" : {
          "min" : 0,
          "max" : 0,
          "mean" : 0.000000,
          "stddev" : 0.000000
        },
        "bw_min" : 0,
        "bw_max" : 0,
        "bw_agg" : 0.000000,
        "bw_mean" : 0.000000,
        "bw_dev" : 0.000000
      },
      "usr_cpu" : 0.259805,
      "sys_cpu" : 0.504622,
      "ctx" : 97570,
      "majf" : 0,
      "minf" : 162,
      "iodepth_level" : {
        "1" : 0.100000,
        "2" : 0.100000,
        "4" : 0.100000,
        "8" : 0.100000,
        "16" : 99.856873,
        "32" : 0.000000,
        ">=64" : 0.000000
      },
      "latency_us" : {
        "2" : 0.000000,
        "4" : 0.000000,
        "10" : 0.000000,
        "20" : 0.000000,
        "50" : 0.000000,
        "100" : 0.000000,
        "250" : 0.010000,
        "500" : 0.117484,
        "750" : 1.653119,
        "1000" : 0.989963
      },
      "latency_ms" : {
        "2" : 1.362094,
        "4" : 0.536131,
        "10" : 42.307808,
        "20" : 29.400118,
        "50" : 23.056004,
        "100" : 0.576087,
        "250" : 0.000000,
        "500" : 0.000000,
        "750" : 0.000000,
        "1000" : 0.000000,
        "2000" : 0.000000,
        ">=2000" : 0.000000
      },
      "latency_depth" : 16,
      "latency_target" : 0,
      "latency_percentile" : 100.000000,
      "latency_window" : 0
    }
  ],
  "disk_util" : [
    {
      "name" : "nvme4n1",
      "read_ios" : 42,
      "write_ios" : 165825,
      "read_merges" : 0,
      "write_merges" : 0,
      "read_ticks" : 4,
      "write_ticks" : 1216544,
      "in_queue" : 1207892,
      "util" : 98.909676
    }
  ]
}
