{
  "fio version" : "fio-2.14",
  "timestamp" : 1608563051,
  "timestamp_ms" : 1608563051169,
  "time" : "Mon Dec 21 15:04:11 2020",
  "jobs" : [
    {
      "jobname" : "4kb_16threads",
      "groupid" : 0,
      "error" : 0,
      "eta" : 0,
      "elapsed" : 11,
      "job options" : {
        "direct" : "1",
        "ioengine" : "libaio",
        "iodepth" : "16",
        "rw" : "randwrite",
        "bs" : "4k",
        "size" : "1G",
        "numjobs" : "16",
        "time_based" : "1",
        "runtime" : "10",
        "norandommap" : "1",
        "group_reporting" : "1",
        "filename" : "/dev/md0"
      },
      "read" : {
        "io_bytes" : 0,
        "bw" : 0,
        "iops" : 0.000000,
        "runtime" : 0,
        "total_ios" : 0,
        "short_ios" : 0,
        "drop_ios" : 0,
        "slat" : {
          "min" : 0,
          "max" : 0,
          "mean" : 0.000000,
          "stddev" : 0.000000
        },
        "clat" : {
          "min" : 0,
          "max" : 0,
          "mean" : 0.000000,
          "stddev" : 0.000000,
          "percentile" : {
            "1.000000" : 0,
            "5.000000" : 0,
            "10.000000" : 0,
            "20.000000" : 0,
            "30.000000" : 0,
            "40.000000" : 0,
            "50.000000" : 0,
            "60.000000" : 0,
            "70.000000" : 0,
            "80.000000" : 0,
            "90.000000" : 0,
            "95.000000" : 0,
            "99.000000" : 0,
            "99.500000" : 0,
            "99.900000" : 0,
            "99.950000" : 0,
            "99.990000" : 0,
            "0.00" : 0,
            "0.00" : 0,
            "0.00" : 0
          }
        },
        "lat" : {
          "min" : 0,
          "max" : 0,
          "mean" : 0.000000,
          "stddev" : 0.000000
        },
        "bw_min" : 0,
        "bw_max" : 0,
        "bw_agg" : 0.000000,
        "bw_mean" : 0.000000,
        "bw_dev" : 0.000000
      },
      "write" : {
        "io_bytes" : 352440,
        "bw" : 35121,
        "iops" : 8780.269531,
        "runtime" : 10035,
        "total_ios" : 88110,
        "short_ios" : 0,
        "drop_ios" : 0,
        "slat" : {
          "min" : 1,
          "max" : 153695,
          "mean" : 1382.566284,
          "stddev" : 6433.263184
        },
        "clat" : {
          "min" : 513,
          "max" : 202338,
          "mean" : 27750.021484,
          "stddev" : 26001.896484,
          "percentile" : {
            "1.000000" : 636,
            "5.000000" : 996,
            "10.000000" : 1432,
            "20.000000" : 2928,
            "30.000000" : 5984,
            "40.000000" : 15936,
            "50.000000" : 24448,
            "60.000000" : 29568,
            "70.000000" : 37632,
            "80.000000" : 45824,
            "90.000000" : 62208,
            "95.000000" : 78336,
            "99.000000" : 112128,
            "99.500000" : 124416,
            "99.900000" : 154624,
            "99.950000" : 166912,
            "99.990000" : 189440,
            "0.00" : 0,
            "0.00" : 0,
            "0.00" : 0
          }
        },
        "lat" : {
          "min" : 516,
          "max" : 237035,
          "mean" : 29132.712891,
          "stddev" : 27697.556641
        },
        "bw_min" : 0,
        "bw_max" : 0,
        "bw_agg" : 0.000000,
        "bw_mean" : 0.000000,
        "bw_dev" : 0.000000
      },
      "trim" : {
        "io_bytes" : 0,
        "bw" : 0,
        "iops" : 0.000000,
        "runtime" : 0,
        "total_ios" : 0,
        "short_ios" : 0,
        "drop_ios" : 0,
        "slat" : {
          "min" : 0,
          "max" : 0,
          "mean" : 0.000000,
          "stddev" : 0.000000
        },
        "clat" : {
          "min" : 0,
          "max" : 0,
          "mean" : 0.000000,
          "stddev" : 0.000000,
          "percentile" : {
            "1.000000" : 0,
            "5.000000" : 0,
            "10.000000" : 0,
            "20.000000" : 0,
            "30.000000" : 0,
            "40.000000" : 0,
            "50.000000" : 0,
            "60.000000" : 0,
            "70.000000" : 0,
            "80.000000" : 0,
            "90.000000" : 0,
            "95.000000" : 0,
            "99.000000" : 0,
            "99.500000" : 0,
            "99.900000" : 0,
            "99.950000" : 0,
            "99.990000" : 0,
            "0.00" : 0,
            "0.00" : 0,
            "0.00" : 0
          }
        },
        "lat" : {
          "min" : 0,
          "max" : 0,
          "mean" : 0.000000,
          "stddev" : 0.000000
        },
        "bw_min" : 0,
        "bw_max" : 0,
        "bw_agg" : 0.000000,
        "bw_mean" : 0.000000,
        "bw_dev" : 0.000000
      },
      "usr_cpu" : 0.096594,
      "sys_cpu" : 0.347116,
      "ctx" : 49766,
      "majf" : 0,
      "minf" : 162,
      "iodepth_level" : {
        "1" : 0.100000,
        "2" : 0.100000,
        "4" : 0.100000,
        "8" : 0.145273,
        "16" : 99.727615,
        "32" : 0.000000,
        ">=64" : 0.000000
      },
      "latency_us" : {
        "2" : 0.000000,
        "4" : 0.000000,
        "10" : 0.000000,
        "20" : 0.000000,
        "50" : 0.000000,
        "100" : 0.000000,
        "250" : 0.000000,
        "500" : 0.000000,
        "750" : 2.320962,
        "1000" : 2.735217
      },
      "latency_ms" : {
        "2" : 9.081829,
        "4" : 10.686642,
        "10" : 9.511973,
        "20" : 9.089774,
        "50" : 39.786629,
        "100" : 15.008512,
        "250" : 1.778459,
        "500" : 0.000000,
        "750" : 0.000000,
        "1000" : 0.000000,
        "2000" : 0.000000,
        ">=2000" : 0.000000
      },
      "latency_depth" : 16,
      "latency_target" : 0,
      "latency_percentile" : 100.000000,
      "latency_window" : 0
    }
  ],
  "disk_util" : [
    {
      "name" : "md0",
      "read_ios" : 69,
      "write_ios" : 87273,
      "read_merges" : 0,
      "write_merges" : 0,
      "read_ticks" : 0,
      "write_ticks" : 0,
      "in_queue" : 0,
      "util" : 0.000000,
      "aggr_read_ios" : 45,
      "aggr_write_ios" : 44055,
      "aggr_read_merges" : 0,
      "aggr_write_merge" : 0,
      "aggr_read_ticks" : 98,
      "aggr_write_ticks" : 707370,
      "aggr_in_queue" : 700320,
      "aggr_util" : 98.291100
    },
    {
      "name" : "nvme3n1",
      "read_ios" : 57,
      "write_ios" : 44003,
      "read_merges" : 0,
      "write_merges" : 0,
      "read_ticks" : 132,
      "write_ticks" : 1064352,
      "in_queue" : 1057060,
      "util" : 98.291100
    },
    {
      "name" : "nvme2n1",
      "read_ios" : 34,
      "write_ios" : 44107,
      "read_merges" : 0,
      "write_merges" : 0,
      "read_ticks" : 64,
      "write_ticks" : 350388,
      "in_queue" : 343580,
      "util" : 97.151840
    }
  ]
}
